#
# A fatal error has been detected by the Java Runtime Environment:
#
#  SIGSEGV (0xb) at pc=0x00000001283c7a6e, pid=7048, tid=23555
#
# JRE version: OpenJDK Runtime Environment GraalVM CE 22.3.0 (17.0.5+8) (build 17.0.5+8-jvmci-22.3-b08)
# Java VM: OpenJDK 64-Bit Server VM GraalVM CE 22.3.0 (17.0.5+8-jvmci-22.3-b08, mixed mode, sharing, tiered, jvmci, jvmci compiler, compressed oops, compressed class ptrs, g1 gc, bsd-amd64)
# Problematic frame:
# C  [libjvmcicompiler.dylib+0x53a6e]  GreyObjectsWalker_walkGreyObjects_eb32754f646620dd6416e9c72990a79fa796f775+0x2ee
#
# No core dump will be written. Core dumps have been disabled. To enable core dumping, try "ulimit -c unlimited" before starting Java again
#
# If you would like to submit a bug report, please visit:
#   https://github.com/oracle/graal/issues
# The crash happened outside the Java Virtual Machine in native code.
# See problematic frame for where to report the bug.
#

---------------  S U M M A R Y ------------

Command Line: -XX:ThreadPriorityPolicy=1 -XX:+UnlockExperimentalVMOptions -XX:+EnableJVMCIProduct -XX:JVMCIThreadsPerNativeLibraryRuntime=1 -XX:-UnlockExperimentalVMOptions -ea -Didea.test.cyclic.buffer.size=1048576 -javaagent:/Applications/IntelliJ IDEA CE.app/Contents/lib/idea_rt.jar=49535:/Applications/IntelliJ IDEA CE.app/Contents/bin -Dfile.encoding=UTF-8 com.intellij.rt.junit.JUnitStarter -ideVersion5 -junit5 dev.alexandreoliveira.mp.registrationservice.architecture.ControllerArchitectureTest

Host: "MacBookAir7,2" x86_64 1800 MHz, 4 cores, 8G, Darwin 21.6.0, macOS 12.5 (21G72)
Time: Sun Nov 20 18:26:30 2022 -03 elapsed time: 5.131138 seconds (0d 0h 0m 5s)

---------------  T H R E A D  ---------------

Current thread (0x00007f9bbd849200):  JavaThread "JVMCI-native CompilerThread0" daemon [_thread_in_native, id=23555, stack(0x000070000cfe2000,0x000070000d1e2000)]


Current CompileTask:
JVMCI-native:   5131 3237       4       java.util.HashSet::<init> (16 bytes)

Stack: [0x000070000cfe2000,0x000070000d1e2000],  sp=0x000070000d1e0f30,  free space=2043k
Native frames: (J=compiled Java code, j=interpreted, Vv=VM code, C=native code)
C  [libjvmcicompiler.dylib+0x53a6e]  GreyObjectsWalker_walkGreyObjects_eb32754f646620dd6416e9c72990a79fa796f775+0x2ee
C  [libjvmcicompiler.dylib+0x5f429]  OldGeneration_scanGreyObjects_8ab4845f521688507699f50f61d13f47327f81cd+0x49
C  [libjvmcicompiler.dylib+0x52c8e]  GCImpl_scanGreyObjects_29ade7946414123fad21ae687f08970df4542d18+0x9e
C  [libjvmcicompiler.dylib+0x4fb75]  GCImpl_cheneyScanFromRoots_382908673147685d145279424cb9368180234ed8+0xf5
C  [libjvmcicompiler.dylib+0x52f4f]  GCImpl_scavenge_4d80ab5cde8ae47e5684dec80f1899364cc1f1e4+0x1af
C  [libjvmcicompiler.dylib+0x502fd]  GCImpl_doCollectOnce_3160ee000a0bd915c7af59cb5e57a0ed89f543eb+0xfd
C  [libjvmcicompiler.dylib+0x500dd]  GCImpl_doCollectImpl_83d1dcc66311335def4f6f03c4b9e0baf3b23258+0x9d
C  [libjvmcicompiler.dylib+0x4fcc2]  GCImpl_collectImpl_9a8bcc9de1b7bfcc762965509bc1ffaf5c9dc50c+0x62
C  [libjvmcicompiler.dylib+0x4fec0]  GCImpl_collectOperation_108a3edfdad79517c2b206533a653ca5fe52a12b+0x120
C  [libjvmcicompiler.dylib+0x4f33c]  GCImpl$CollectionVMOperation_operate_e7bc4bc722e6e57168cde3dda82b827c444f664f+0x2c
C  [libjvmcicompiler.dylib+0xf7741]  VMOperation_execute_0f39afa5ac0d6a859fd5b10ec44a5f01176570b3+0xf1
C  [libjvmcicompiler.dylib+0xf8227]  VMOperationControl$WorkQueues_drain_fc251cfc5f5ad2ffe0a4c5f439a2f84dcde8481c+0x67
C  [libjvmcicompiler.dylib+0xf8947]  VMOperationControl$WorkQueues_executeAllQueuedVMOperations_25b2bf3190fe2a774058bff8d39933d94865ff3c+0x157
C  [libjvmcicompiler.dylib+0xf8764]  VMOperationControl$WorkQueues_enqueueAndExecute_607383fb6e6bc84e65ff317d4677ca194ec5dadb+0x64
C  [libjvmcicompiler.dylib+0xf8da9]  VMOperationControl_enqueue_be44b5ab78dc5a87fceed9be4839fa5eb84b0b2a+0xb9
C  [libjvmcicompiler.dylib+0xf1b18]  NativeVMOperation_enqueue_8e9693900fe03773a622f8bdf4cb56b579d8dbd2+0x38
C  [libjvmcicompiler.dylib+0x50011]  GCImpl_collectWithoutAllocating_a9c1c4d555d68ece8c1e7086d3ebd4046d549b12+0x91
C  [libjvmcicompiler.dylib+0x4fc27]  GCImpl_collect_0c6e127511c920f274c3758a46a72e1205510906+0x17
C  [libjvmcicompiler.dylib+0x5079a]  GCImpl_maybeCauseUserRequestedCollection_7bf62e0758c983d654bda36ebfd045ed3f8e67ef+0x5a
C  [libjvmcicompiler.dylib+0x689c7e]  CompilationWrapper_run_d730478f4ce8f539b4955ca0a99f3c6f484bea17+0x7e
C  [libjvmcicompiler.dylib+0x78d274]  CompilationTask_runCompilation_b757e01c868ec3e0e8fed71a764850de44da1a1b+0x1c4
C  [libjvmcicompiler.dylib+0x78ce5f]  CompilationTask_runCompilation_d1bd90bb87908e90179175e8d6c5e780d0547ca2+0xdf
C  [libjvmcicompiler.dylib+0x7b853b]  HotSpotGraalCompiler_compileMethod_0ff35a48b2496422594578a94354f0ef9b35beb7+0x3ab
C  [libjvmcicompiler.dylib+0x7b80a3]  HotSpotGraalCompiler_compileMethod_1d8dfc2fbb5478d3b7400bbb97604e7defc50a57+0xc3
C  [libjvmcicompiler.dylib+0x7b7fb7]  HotSpotGraalCompiler_compileMethod_fa2dc57660c63e427b85f2d1f6729a672f5660c9+0x17
C  [libjvmcicompiler.dylib+0x5e8e32]  HotSpotJVMCIRuntime_compileMethod_d0551eb00a95b4c222b2a67a9746353d2d54cfa9+0xe2
C  [libjvmcicompiler.dylib+0xa12cd]  JNIJavaCallWrapperHolder_invoke_933534d18920673463b37187ac6a37fffc051899_d7572e28f4028f5f5b18a826fd2d7af0608204fc+0x1cd
C  [libjvmcicompiler.dylib+0x90231]  JNIJavaCallVariantWrapperHolder_invokeJJIJIJI_J_VA_LIST_Nonvirtual_6f4000c7b26b332becfc76557b165731801a6b35+0x161
V  [libjvm.dylib+0x61591f]  _ZN7JNIEnv_26CallNonvirtualObjectMethodEP8_jobjectP7_jclassP10_jmethodIDz+0x7f
V  [libjvm.dylib+0x615653]  _ZN8JVMCIEnv38call_HotSpotJVMCIRuntime_compileMethodE11JVMCIObjectS0_ili+0x1b3
V  [libjvm.dylib+0x64b890]  _ZN12JVMCIRuntime14compile_methodEP8JVMCIEnvP13JVMCICompilerRK12methodHandlei+0x190
V  [libjvm.dylib+0x328ef5]  _ZN13CompileBroker25invoke_compiler_on_methodEP11CompileTask+0xb05
V  [libjvm.dylib+0x32834c]  _ZN13CompileBroker20compiler_thread_loopEv+0x46c
V  [libjvm.dylib+0x9dc2cf]  _ZN10JavaThread17thread_main_innerEv+0x14f
V  [libjvm.dylib+0x9da68f]  _ZN6Thread8call_runEv+0xcf
V  [libjvm.dylib+0x86dfd8]  _ZL19thread_native_entryP6Thread+0x148
C  [libsystem_pthread.dylib+0x64e1]  _pthread_start+0x7d
C  [libsystem_pthread.dylib+0x1f6b]  thread_start+0xf


siginfo: si_signo: 11 (SIGSEGV), si_code: 0 (unknown), si_addr: 0x0000000000000000

Register to memory mapping:

RAX=0x000000010de58628 points into unknown readable memory: 0x0000000000000000 | 00 00 00 00 00 00 00 00
RBX=0x000000010de58620 points into unknown readable memory: 0xffefffffe8ff5790 | 90 57 ff e8 ff ff ef ff
RCX=0x0000000126b90de8 points into unknown readable memory: 0x0000000000821772 | 72 17 82 00 00 00 00 00
RDX=0x00000001265fff48 points into unknown readable memory: 0x0000000000828c58 | 58 8c 82 00 00 00 00 00
RSP=0x000070000d1e0f30 is pointing into the stack for thread: 0x00007f9bbd849200
RBP=0x000070000d1e1020 is pointing into the stack for thread: 0x00007f9bbd849200
RSI=0x0 is NULL
RDI=0xfff000010f1f5790 is an unknown value
R8 =0x0000000000000001 is an unknown value
R9 =0x000000010de58610 points into unknown readable memory: 0x0000000000712af2 | f2 2a 71 00 00 00 00 00
R10=0x0000000126a77140 points into unknown readable memory: 0x0000001000000001 | 01 00 00 00 10 00 00 00
R11=0x0 is NULL
R12=0x000000010de58610 points into unknown readable memory: 0x0000000000712af2 | f2 2a 71 00 00 00 00 00
R13=0x0000000000000001 is an unknown value
R14=0x0000000126200000 is an unknown value
R15=0x00007f9bbe037f80 points into unknown readable memory: 0x00000001268ad010 | 10 d0 8a 26 01 00 00 00


Registers:
RAX=0x000000010de58628, RBX=0x000000010de58620, RCX=0x0000000126b90de8, RDX=0x00000001265fff48
RSP=0x000070000d1e0f30, RBP=0x000070000d1e1020, RSI=0x0000000000000000, RDI=0xfff000010f1f5790
R8 =0x0000000000000001, R9 =0x000000010de58610, R10=0x0000000126a77140, R11=0x0000000000000000
R12=0x000000010de58610, R13=0x0000000000000001, R14=0x0000000126200000, R15=0x00007f9bbe037f80
RIP=0x00000001283c7a6e, EFLAGS=0x0000000000010246, ERR=0x0000000000000000
  TRAPNO=0x000000000000000d

Top of Stack: (sp=0x000070000d1e0f30)
0x000070000d1e0f30:   000000000008e231 000070000d1e1020
0x000070000d1e0f40:   000000010de038d0 000000010f1f5778
0x000070000d1e0f50:   0000000126b9e178 0000000126e9a278
0x000070000d1e0f60:   0000000000712af0 000000010de58610
0x000070000d1e0f70:   0000000126b9e218 0000000126cb1dc8
0x000070000d1e0f80:   0000000000000001 0000000126a77140
0x000070000d1e0f90:   0000000000000010 000000010de7bfb0
0x000070000d1e0fa0:   0000000126e9a430 000000010f100000
0x000070000d1e0fb0:   000000010de58600 0000000100000000
0x000070000d1e0fc0:   000000010de58628 0000000026e00828
0x000070000d1e0fd0:   0000000126a77140 0000000000000001
0x000070000d1e0fe0:   0000000126a77140 0000000000000000
0x000070000d1e0ff0:   0000002027b00000 0000000000000004
0x000070000d1e1000:   000000010de58610 0000002028577542
0x000070000d1e1010:   000000010de58610 000000010de00000
0x000070000d1e1020:   000070000d1e1040 00000001283d3429
0x000070000d1e1030:   0000000126ad19ec 0000000126cde720
0x000070000d1e1040:   000070000d1e1070 00000001283c6c8e
0x000070000d1e1050:   000070000d1e1080 0000000000ade4f0
0x000070000d1e1060:   0000000126cde4f0 0000000026b90de8
0x000070000d1e1070:   000070000d1e10a0 00000001283c3b75
0x000070000d1e1080:   000070000d1e10a0 0000000000ade678
0x000070000d1e1090:   0000000126cde678 0000000126b90de8
0x000070000d1e10a0:   000070000d1e1100 00000001283c6f4f
0x000070000d1e10b0:   000070000d1e10d0 00000001283c470e
0x000070000d1e10c0:   000070000d1e1100 0000000128577542
0x000070000d1e10d0:   0000000000ade528 0000000126cde528
0x000070000d1e10e0:   00000000009586b8 0000000126e9bb70
0x000070000d1e10f0:   0000000126b90de8 00000000dab68d0a
0x000070000d1e1100:   000070000d1e1170 00000001283c42fd
0x000070000d1e1110:   000070000d1e1130 0000000000ade608
0x000070000d1e1120:   0000000126cde608 0000000126b489b0 

Instructions: (pc=0x00000001283c7a6e)
0x00000001283c796e:   48 8d 7f 14 48 03 f7 48 89 b4 24 b0 00 00 00 66
0x00000001283c797e:   66 90 48 3b f7 0f 86 d3 0d 00 00 48 63 1f 44 8b
0x00000001283c798e:   47 04 4c 89 84 24 a8 00 00 00 49 03 dc 4c 8d 57
0x00000001283c799e:   08 4c 89 94 24 a0 00 00 00 b8 00 00 00 00 0f 1f
0x00000001283c79ae:   40 00 89 84 24 9c 00 00 00 48 63 f8 4c 3b c7 0f
0x00000001283c79be:   8e 33 0d 00 00 48 8b 3c 1d 00 00 00 00 49 8d 3c
0x00000001283c79ce:   3e 49 2b fe 74 03 49 03 fe 44 8b e8 41 ff c5 48
0x00000001283c79de:   8d 43 08 48 89 84 24 90 00 00 00 48 85 ff 0f 84
0x00000001283c79ee:   58 00 00 00 48 8b b2 80 00 00 00 49 8d 34 36 49
0x00000001283c79fe:   2b f6 74 03 49 03 f6 48 3b f7 0f 87 52 00 00 00
0x00000001283c7a0e:   48 8b b2 88 00 00 00 49 8d 34 36 49 2b f6 74 03
0x00000001283c7a1e:   49 03 f6 48 3b fe 40 0f 96 c6 40 0f b6 f6 85 f6
0x00000001283c7a2e:   0f 84 33 00 00 00 41 83 6f 10 01 0f 8e 6e 09 00
0x00000001283c7a3e:   00 48 8b d8 41 8b c5 e9 66 ff ff ff 41 83 6f 10
0x00000001283c7a4e:   01 0f 8e 20 09 00 00 48 8b d8 41 8b c5 e9 50 ff
0x00000001283c7a5e:   ff ff be 00 00 00 00 eb c5 89 b4 24 88 00 00 00
0x00000001283c7a6e:   48 8b 37 44 0f be 59 0c 45 84 db 0f 84 06 01 00
0x00000001283c7a7e:   00 48 89 9c 24 80 00 00 00 48 f7 c6 04 00 00 00
0x00000001283c7a8e:   0f 84 14 01 00 00 48 83 e6 f8 48 89 34 1d 00 00
0x00000001283c7a9e:   00 00 49 8d 3c 36 48 85 f6 0f 84 87 02 00 00 80
0x00000001283c7aae:   79 0c 00 0f 84 0d 03 00 00 48 2b f6 4d 3b ce 49
0x00000001283c7abe:   0f 45 f1 48 85 f6 0f 84 1d 06 00 00 4c 8b 9a 80
0x00000001283c7ace:   00 00 00 4f 8d 1c 1e 4d 2b de 74 03 4d 03 de 4c
0x00000001283c7ade:   3b de 0f 87 9e 07 00 00 4c 8b 9a 88 00 00 00 4f
0x00000001283c7aee:   8d 1c 1e 4d 2b de 74 03 4d 03 de 49 3b f3 41 0f
0x00000001283c7afe:   96 c3 45 0f b6 db 44 89 ac 24 8c 00 00 00 48 8b
0x00000001283c7b0e:   44 24 40 45 85 db 0f 84 8d 05 00 00 4c 8b 4c 24
0x00000001283c7b1e:   38 49 f7 01 02 00 00 00 0f 84 1d 07 00 00 49 8b
0x00000001283c7b2e:   39 48 2b f6 4d 3b ce 49 0f 45 f1 48 f7 c7 01 00
0x00000001283c7b3e:   00 00 0f 84 80 07 00 00 c6 46 f8 00 41 83 6f 10
0x00000001283c7b4e:   01 0f 8e ec 0a 00 00 48 8b 9c 24 90 00 00 00 48
0x00000001283c7b5e:   ba 48 ff 3f 00 00 00 00 00 49 8d 14 16 48 b9 e8 


Stack slot to memory mapping:
stack at sp + 0 slots: 0x000000000008e231 is an unknown value
stack at sp + 1 slots: 0x000070000d1e1020 is pointing into the stack for thread: 0x00007f9bbd849200
stack at sp + 2 slots: 0x000000010de038d0 points into unknown readable memory: 0x00000000007c841a | 1a 84 7c 00 00 00 00 00
stack at sp + 3 slots: 0x000000010f1f5778 points into unknown readable memory: 0xffffffffe7c7bfb4 | b4 bf c7 e7 ff ff ff ff
stack at sp + 4 slots: 0x0000000126b9e178 points into unknown readable memory: 0x000000000082494a | 4a 49 82 00 00 00 00 00
stack at sp + 5 slots: 0x0000000126e9a278 points into unknown readable memory: 0xffffffffe7c038d0 | d0 38 c0 e7 ff ff ff ff
stack at sp + 6 slots: 0x0000000000712af0 is an unknown value
stack at sp + 7 slots: 0x000000010de58610 points into unknown readable memory: 0x0000000000712af2 | f2 2a 71 00 00 00 00 00


---------------  P R O C E S S  ---------------

Threads class SMR info:
_java_thread_list=0x00006000003213e0, length=12, elements={
0x00007f9bbd813c00, 0x00007f9bbd01e400, 0x00007f9bbd00ba00, 0x00007f9bbf037000,
0x00007f9bbd84ac00, 0x00007f9bbd848c00, 0x00007f9bbd849200, 0x00007f9bbd01ea00,
0x00007f9bbd849800, 0x00007f9bbd021200, 0x00007f9bbd846a00, 0x00007f9bbd847000
}

Java Threads: ( => current thread )
  0x00007f9bbd813c00 JavaThread "main" [_thread_in_Java, id=6403, stack(0x000070000c235000,0x000070000c335000)]
  0x00007f9bbd01e400 JavaThread "Reference Handler" daemon [_thread_blocked, id=16387, stack(0x000070000c94a000,0x000070000ca4a000)]
  0x00007f9bbd00ba00 JavaThread "Finalizer" daemon [_thread_blocked, id=15875, stack(0x000070000ca4d000,0x000070000cb4d000)]
  0x00007f9bbf037000 JavaThread "Signal Dispatcher" daemon [_thread_blocked, id=42499, stack(0x000070000ccd9000,0x000070000cdd9000)]
  0x00007f9bbd84ac00 JavaThread "Service Thread" daemon [_thread_blocked, id=42243, stack(0x000070000cddc000,0x000070000cedc000)]
  0x00007f9bbd848c00 JavaThread "Monitor Deflation Thread" daemon [_thread_blocked, id=41987, stack(0x000070000cedf000,0x000070000cfdf000)]
=>0x00007f9bbd849200 JavaThread "JVMCI-native CompilerThread0" daemon [_thread_in_native, id=23555, stack(0x000070000cfe2000,0x000070000d1e2000)]
  0x00007f9bbd01ea00 JavaThread "C1 CompilerThread0" daemon [_thread_blocked, id=23811, stack(0x000070000d1e5000,0x000070000d3e5000)]
  0x00007f9bbd849800 JavaThread "Sweeper thread" daemon [_thread_blocked, id=24067, stack(0x000070000d3e8000,0x000070000d4e8000)]
  0x00007f9bbd021200 JavaThread "Common-Cleaner" daemon [_thread_blocked, id=40707, stack(0x000070000d4eb000,0x000070000d5eb000)]
  0x00007f9bbd846a00 JavaThread "Monitor Ctrl-Break" daemon [_thread_in_native, id=24579, stack(0x000070000d5ee000,0x000070000d6ee000)]
  0x00007f9bbd847000 JavaThread "Notification Thread" daemon [_thread_blocked, id=40451, stack(0x000070000d6f1000,0x000070000d7f1000)]

Other Threads:
  0x00007f9bbe0086e0 VMThread "VM Thread" [stack: 0x000070000c847000,0x000070000c947000] [id=16899]
  0x00007f9bbe020d50 WatcherThread [stack: 0x000070000d7f4000,0x000070000d8f4000] [id=25347]
  0x00007f9bbe305ca0 GCTaskThread "GC Thread#0" [stack: 0x000070000c338000,0x000070000c438000] [id=12291]
  0x00007f9bbe20cc90 GCTaskThread "GC Thread#1" [stack: 0x000070000d8f7000,0x000070000d9f7000] [id=39939]
  0x00007f9bbe20d100 GCTaskThread "GC Thread#2" [stack: 0x000070000d9fa000,0x000070000dafa000] [id=39427]
  0x00007f9bbe02dc70 GCTaskThread "GC Thread#3" [stack: 0x000070000dafd000,0x000070000dbfd000] [id=38915]
  0x00007f9bbcf04f00 ConcurrentGCThread "G1 Main Marker" [stack: 0x000070000c43b000,0x000070000c53b000] [id=19459]
  0x00007f9bbe306250 ConcurrentGCThread "G1 Conc#0" [stack: 0x000070000c53e000,0x000070000c63e000] [id=12803]
  0x00007f9bbe2043d0 ConcurrentGCThread "G1 Refine#0" [stack: 0x000070000c641000,0x000070000c741000] [id=13315]
  0x00007f9bbe0064a0 ConcurrentGCThread "G1 Service" [stack: 0x000070000c744000,0x000070000c844000] [id=13571]

Threads with active compile tasks:
JVMCI-native CompilerThread0     5163 3237       4       java.util.HashSet::<init> (16 bytes)

VM state: not at safepoint (normal execution)

VM Mutex/Monitor currently owned by a thread: None

Heap address: 0x0000000780000000, size: 2048 MB, Compressed Oops mode: Zero based, Oop shift amount: 3

CDS archive(s) mapped at: [0x0000000800000000-0x0000000800bc0000-0x0000000800bc0000), size 12320768, SharedBaseAddress: 0x0000000800000000, ArchiveRelocationMode: 0.
Compressed class space mapped at: 0x0000000800c00000-0x0000000840c00000, reserved size: 1073741824
Narrow klass base: 0x0000000800000000, Narrow klass shift: 0, Narrow klass range: 0x100000000

GC Precious Log:
 CPUs: 4 total, 4 available
 Memory: 8192M
 Large Page Support: Disabled
 NUMA Support: Disabled
 Compressed Oops: Enabled (Zero based)
 Heap Region Size: 1M
 Heap Min Capacity: 8M
 Heap Initial Capacity: 128M
 Heap Max Capacity: 2G
 Pre-touch: Disabled
 Parallel Workers: 4
 Concurrent Workers: 1
 Concurrent Refinement Workers: 4
 Periodic GC: Disabled

Heap:
 garbage-first heap   total 175104K, used 125037K [0x0000000780000000, 0x0000000800000000)
  region size 1024K, 102 young (104448K), 7 survivors (7168K)
 Metaspace       used 11260K, committed 11456K, reserved 1064960K
  class space    used 1256K, committed 1344K, reserved 1048576K

Heap Regions: E=young(eden), S=young(survivor), O=old, HS=humongous(starts), HC=humongous(continues), CS=collection set, F=free, OA=open archive, CA=closed archive, TAMS=top-at-mark-start (previous, next)
|   0|0x0000000780000000, 0x0000000780100000, 0x0000000780100000|100%|HS|  |TAMS 0x0000000780000000, 0x0000000780000000| Complete 
|   1|0x0000000780100000, 0x0000000780200000, 0x0000000780200000|100%| O|  |TAMS 0x0000000780100000, 0x0000000780100000| Untracked 
|   2|0x0000000780200000, 0x0000000780300000, 0x0000000780300000|100%| O|  |TAMS 0x0000000780200000, 0x0000000780200000| Untracked 
|   3|0x0000000780300000, 0x0000000780400000, 0x0000000780400000|100%| O|  |TAMS 0x0000000780300000, 0x0000000780300000| Untracked 
|   4|0x0000000780400000, 0x0000000780500000, 0x0000000780500000|100%| O|  |TAMS 0x0000000780400000, 0x0000000780400000| Untracked 
|   5|0x0000000780500000, 0x0000000780600000, 0x0000000780600000|100%| O|  |TAMS 0x0000000780500000, 0x0000000780500000| Untracked 
|   6|0x0000000780600000, 0x0000000780700000, 0x0000000780700000|100%| O|  |TAMS 0x0000000780600000, 0x0000000780600000| Untracked 
|   7|0x0000000780700000, 0x0000000780800000, 0x0000000780800000|100%| O|  |TAMS 0x0000000780700000, 0x0000000780700000| Untracked 
|   8|0x0000000780800000, 0x0000000780900000, 0x0000000780900000|100%| O|  |TAMS 0x0000000780800000, 0x0000000780800000| Untracked 
|   9|0x0000000780900000, 0x0000000780a00000, 0x0000000780a00000|100%| O|  |TAMS 0x0000000780900000, 0x0000000780900000| Untracked 
|  10|0x0000000780a00000, 0x0000000780b00000, 0x0000000780b00000|100%| O|  |TAMS 0x0000000780a00000, 0x0000000780a00000| Untracked 
|  11|0x0000000780b00000, 0x0000000780c00000, 0x0000000780c00000|100%| O|  |TAMS 0x0000000780b00000, 0x0000000780b00000| Untracked 
|  12|0x0000000780c00000, 0x0000000780d00000, 0x0000000780d00000|100%| O|  |TAMS 0x0000000780c00000, 0x0000000780c00000| Untracked 
|  13|0x0000000780d00000, 0x0000000780e00000, 0x0000000780e00000|100%| O|  |TAMS 0x0000000780d00000, 0x0000000780d00000| Untracked 
|  14|0x0000000780e00000, 0x0000000780f00000, 0x0000000780f00000|100%| O|  |TAMS 0x0000000780e00000, 0x0000000780e00000| Untracked 
|  15|0x0000000780f00000, 0x0000000781000000, 0x0000000781000000|100%| O|  |TAMS 0x0000000780f00000, 0x0000000780f00000| Untracked 
|  16|0x0000000781000000, 0x0000000781100000, 0x0000000781100000|100%| O|  |TAMS 0x0000000781000000, 0x0000000781000000| Untracked 
|  17|0x0000000781100000, 0x0000000781200000, 0x0000000781200000|100%| O|  |TAMS 0x0000000781100000, 0x0000000781100000| Untracked 
|  18|0x0000000781200000, 0x0000000781300000, 0x0000000781300000|100%| O|  |TAMS 0x0000000781200000, 0x0000000781200000| Untracked 
|  19|0x0000000781300000, 0x0000000781400000, 0x0000000781400000|100%| O|  |TAMS 0x0000000781300000, 0x0000000781300000| Untracked 
|  20|0x0000000781400000, 0x00000007814cb400, 0x0000000781500000| 79%| O|  |TAMS 0x0000000781400000, 0x0000000781400000| Untracked 
|  21|0x0000000781500000, 0x0000000781500000, 0x0000000781600000|  0%| F|  |TAMS 0x0000000781500000, 0x0000000781500000| Untracked 
|  22|0x0000000781600000, 0x0000000781600000, 0x0000000781700000|  0%| F|  |TAMS 0x0000000781600000, 0x0000000781600000| Untracked 
|  23|0x0000000781700000, 0x0000000781700000, 0x0000000781800000|  0%| F|  |TAMS 0x0000000781700000, 0x0000000781700000| Untracked 
|  24|0x0000000781800000, 0x0000000781800000, 0x0000000781900000|  0%| F|  |TAMS 0x0000000781800000, 0x0000000781800000| Untracked 
|  25|0x0000000781900000, 0x0000000781900000, 0x0000000781a00000|  0%| F|  |TAMS 0x0000000781900000, 0x0000000781900000| Untracked 
|  26|0x0000000781a00000, 0x0000000781a00000, 0x0000000781b00000|  0%| F|  |TAMS 0x0000000781a00000, 0x0000000781a00000| Untracked 
|  27|0x0000000781b00000, 0x0000000781b00000, 0x0000000781c00000|  0%| F|  |TAMS 0x0000000781b00000, 0x0000000781b00000| Untracked 
|  28|0x0000000781c00000, 0x0000000781c00000, 0x0000000781d00000|  0%| F|  |TAMS 0x0000000781c00000, 0x0000000781c00000| Untracked 
|  29|0x0000000781d00000, 0x0000000781d00000, 0x0000000781e00000|  0%| F|  |TAMS 0x0000000781d00000, 0x0000000781d00000| Untracked 
|  30|0x0000000781e00000, 0x0000000781e00000, 0x0000000781f00000|  0%| F|  |TAMS 0x0000000781e00000, 0x0000000781e00000| Untracked 
|  31|0x0000000781f00000, 0x0000000781f00000, 0x0000000782000000|  0%| F|  |TAMS 0x0000000781f00000, 0x0000000781f00000| Untracked 
|  32|0x0000000782000000, 0x0000000782000000, 0x0000000782100000|  0%| F|  |TAMS 0x0000000782000000, 0x0000000782000000| Untracked 
|  33|0x0000000782100000, 0x0000000782100000, 0x0000000782200000|  0%| F|  |TAMS 0x0000000782100000, 0x0000000782100000| Untracked 
|  34|0x0000000782200000, 0x0000000782200000, 0x0000000782300000|  0%| F|  |TAMS 0x0000000782200000, 0x0000000782200000| Untracked 
|  35|0x0000000782300000, 0x0000000782300000, 0x0000000782400000|  0%| F|  |TAMS 0x0000000782300000, 0x0000000782300000| Untracked 
|  36|0x0000000782400000, 0x0000000782400000, 0x0000000782500000|  0%| F|  |TAMS 0x0000000782400000, 0x0000000782400000| Untracked 
|  37|0x0000000782500000, 0x0000000782500000, 0x0000000782600000|  0%| F|  |TAMS 0x0000000782500000, 0x0000000782500000| Untracked 
|  38|0x0000000782600000, 0x0000000782600000, 0x0000000782700000|  0%| F|  |TAMS 0x0000000782600000, 0x0000000782600000| Untracked 
|  39|0x0000000782700000, 0x0000000782700000, 0x0000000782800000|  0%| F|  |TAMS 0x0000000782700000, 0x0000000782700000| Untracked 
|  40|0x0000000782800000, 0x0000000782800000, 0x0000000782900000|  0%| F|  |TAMS 0x0000000782800000, 0x0000000782800000| Untracked 
|  41|0x0000000782900000, 0x0000000782900000, 0x0000000782a00000|  0%| F|  |TAMS 0x0000000782900000, 0x0000000782900000| Untracked 
|  42|0x0000000782a00000, 0x0000000782a00000, 0x0000000782b00000|  0%| F|  |TAMS 0x0000000782a00000, 0x0000000782a00000| Untracked 
|  43|0x0000000782b00000, 0x0000000782b00000, 0x0000000782c00000|  0%| F|  |TAMS 0x0000000782b00000, 0x0000000782b00000| Untracked 
|  44|0x0000000782c00000, 0x0000000782c00000, 0x0000000782d00000|  0%| F|  |TAMS 0x0000000782c00000, 0x0000000782c00000| Untracked 
|  45|0x0000000782d00000, 0x0000000782d00000, 0x0000000782e00000|  0%| F|  |TAMS 0x0000000782d00000, 0x0000000782d00000| Untracked 
|  46|0x0000000782e00000, 0x0000000782e00000, 0x0000000782f00000|  0%| F|  |TAMS 0x0000000782e00000, 0x0000000782e00000| Untracked 
|  47|0x0000000782f00000, 0x0000000782f80000, 0x0000000783000000| 50%| S|CS|TAMS 0x0000000782f00000, 0x0000000782f00000| Complete 
|  48|0x0000000783000000, 0x0000000783100000, 0x0000000783100000|100%| S|CS|TAMS 0x0000000783000000, 0x0000000783000000| Complete 
|  49|0x0000000783100000, 0x0000000783200000, 0x0000000783200000|100%| S|CS|TAMS 0x0000000783100000, 0x0000000783100000| Complete 
|  50|0x0000000783200000, 0x0000000783300000, 0x0000000783300000|100%| S|CS|TAMS 0x0000000783200000, 0x0000000783200000| Complete 
|  51|0x0000000783300000, 0x0000000783400000, 0x0000000783400000|100%| S|CS|TAMS 0x0000000783300000, 0x0000000783300000| Complete 
|  52|0x0000000783400000, 0x0000000783400000, 0x0000000783500000|  0%| F|  |TAMS 0x0000000783400000, 0x0000000783400000| Untracked 
|  53|0x0000000783500000, 0x0000000783500000, 0x0000000783600000|  0%| F|  |TAMS 0x0000000783500000, 0x0000000783500000| Untracked 
|  54|0x0000000783600000, 0x0000000783600000, 0x0000000783700000|  0%| F|  |TAMS 0x0000000783600000, 0x0000000783600000| Untracked 
|  55|0x0000000783700000, 0x0000000783700000, 0x0000000783800000|  0%| F|  |TAMS 0x0000000783700000, 0x0000000783700000| Untracked 
|  56|0x0000000783800000, 0x0000000783800000, 0x0000000783900000|  0%| F|  |TAMS 0x0000000783800000, 0x0000000783800000| Untracked 
|  57|0x0000000783900000, 0x0000000783900000, 0x0000000783a00000|  0%| F|  |TAMS 0x0000000783900000, 0x0000000783900000| Untracked 
|  58|0x0000000783a00000, 0x0000000783a00000, 0x0000000783b00000|  0%| F|  |TAMS 0x0000000783a00000, 0x0000000783a00000| Untracked 
|  59|0x0000000783b00000, 0x0000000783b00000, 0x0000000783c00000|  0%| F|  |TAMS 0x0000000783b00000, 0x0000000783b00000| Untracked 
|  60|0x0000000783c00000, 0x0000000783d00000, 0x0000000783d00000|100%| S|CS|TAMS 0x0000000783c00000, 0x0000000783c00000| Complete 
|  61|0x0000000783d00000, 0x0000000783e00000, 0x0000000783e00000|100%| S|CS|TAMS 0x0000000783d00000, 0x0000000783d00000| Complete 
|  62|0x0000000783e00000, 0x0000000783e00000, 0x0000000783f00000|  0%| F|  |TAMS 0x0000000783e00000, 0x0000000783e00000| Untracked 
|  63|0x0000000783f00000, 0x0000000783f00000, 0x0000000784000000|  0%| F|  |TAMS 0x0000000783f00000, 0x0000000783f00000| Untracked 
|  64|0x0000000784000000, 0x0000000784000000, 0x0000000784100000|  0%| F|  |TAMS 0x0000000784000000, 0x0000000784000000| Untracked 
|  65|0x0000000784100000, 0x0000000784100000, 0x0000000784200000|  0%| F|  |TAMS 0x0000000784100000, 0x0000000784100000| Untracked 
|  66|0x0000000784200000, 0x0000000784200000, 0x0000000784300000|  0%| F|  |TAMS 0x0000000784200000, 0x0000000784200000| Untracked 
|  67|0x0000000784300000, 0x0000000784300000, 0x0000000784400000|  0%| F|  |TAMS 0x0000000784300000, 0x0000000784300000| Untracked 
|  68|0x0000000784400000, 0x0000000784400000, 0x0000000784500000|  0%| F|  |TAMS 0x0000000784400000, 0x0000000784400000| Untracked 
|  69|0x0000000784500000, 0x0000000784500000, 0x0000000784600000|  0%| F|  |TAMS 0x0000000784500000, 0x0000000784500000| Untracked 
|  70|0x0000000784600000, 0x0000000784600000, 0x0000000784700000|  0%| F|  |TAMS 0x0000000784600000, 0x0000000784600000| Untracked 
|  71|0x0000000784700000, 0x0000000784700000, 0x0000000784800000|  0%| F|  |TAMS 0x0000000784700000, 0x0000000784700000| Untracked 
|  72|0x0000000784800000, 0x0000000784800000, 0x0000000784900000|  0%| F|  |TAMS 0x0000000784800000, 0x0000000784800000| Untracked 
|  73|0x0000000784900000, 0x0000000784900000, 0x0000000784a00000|  0%| F|  |TAMS 0x0000000784900000, 0x0000000784900000| Untracked 
|  74|0x0000000784a00000, 0x0000000784b00000, 0x0000000784b00000|100%| E|  |TAMS 0x0000000784a00000, 0x0000000784a00000| Complete 
|  75|0x0000000784b00000, 0x0000000784c00000, 0x0000000784c00000|100%| E|CS|TAMS 0x0000000784b00000, 0x0000000784b00000| Complete 
|  76|0x0000000784c00000, 0x0000000784d00000, 0x0000000784d00000|100%| E|CS|TAMS 0x0000000784c00000, 0x0000000784c00000| Complete 
|  77|0x0000000784d00000, 0x0000000784e00000, 0x0000000784e00000|100%| E|CS|TAMS 0x0000000784d00000, 0x0000000784d00000| Complete 
|  78|0x0000000784e00000, 0x0000000784f00000, 0x0000000784f00000|100%| E|CS|TAMS 0x0000000784e00000, 0x0000000784e00000| Complete 
|  79|0x0000000784f00000, 0x0000000785000000, 0x0000000785000000|100%| E|CS|TAMS 0x0000000784f00000, 0x0000000784f00000| Complete 
|  80|0x0000000785000000, 0x0000000785100000, 0x0000000785100000|100%| E|CS|TAMS 0x0000000785000000, 0x0000000785000000| Complete 
|  81|0x0000000785100000, 0x0000000785200000, 0x0000000785200000|100%| E|CS|TAMS 0x0000000785100000, 0x0000000785100000| Complete 
|  82|0x0000000785200000, 0x0000000785300000, 0x0000000785300000|100%| E|CS|TAMS 0x0000000785200000, 0x0000000785200000| Complete 
|  83|0x0000000785300000, 0x0000000785400000, 0x0000000785400000|100%| E|CS|TAMS 0x0000000785300000, 0x0000000785300000| Complete 
|  84|0x0000000785400000, 0x0000000785500000, 0x0000000785500000|100%| E|CS|TAMS 0x0000000785400000, 0x0000000785400000| Complete 
|  85|0x0000000785500000, 0x0000000785600000, 0x0000000785600000|100%| E|CS|TAMS 0x0000000785500000, 0x0000000785500000| Complete 
|  86|0x0000000785600000, 0x0000000785700000, 0x0000000785700000|100%| E|CS|TAMS 0x0000000785600000, 0x0000000785600000| Complete 
|  87|0x0000000785700000, 0x0000000785800000, 0x0000000785800000|100%| E|CS|TAMS 0x0000000785700000, 0x0000000785700000| Complete 
|  88|0x0000000785800000, 0x0000000785900000, 0x0000000785900000|100%| E|CS|TAMS 0x0000000785800000, 0x0000000785800000| Complete 
|  89|0x0000000785900000, 0x0000000785a00000, 0x0000000785a00000|100%| E|CS|TAMS 0x0000000785900000, 0x0000000785900000| Complete 
|  90|0x0000000785a00000, 0x0000000785b00000, 0x0000000785b00000|100%| E|CS|TAMS 0x0000000785a00000, 0x0000000785a00000| Complete 
|  91|0x0000000785b00000, 0x0000000785c00000, 0x0000000785c00000|100%| E|CS|TAMS 0x0000000785b00000, 0x0000000785b00000| Complete 
|  92|0x0000000785c00000, 0x0000000785d00000, 0x0000000785d00000|100%| E|CS|TAMS 0x0000000785c00000, 0x0000000785c00000| Complete 
|  93|0x0000000785d00000, 0x0000000785e00000, 0x0000000785e00000|100%| E|CS|TAMS 0x0000000785d00000, 0x0000000785d00000| Complete 
|  94|0x0000000785e00000, 0x0000000785f00000, 0x0000000785f00000|100%| E|CS|TAMS 0x0000000785e00000, 0x0000000785e00000| Complete 
|  95|0x0000000785f00000, 0x0000000786000000, 0x0000000786000000|100%| E|CS|TAMS 0x0000000785f00000, 0x0000000785f00000| Complete 
|  96|0x0000000786000000, 0x0000000786100000, 0x0000000786100000|100%| E|CS|TAMS 0x0000000786000000, 0x0000000786000000| Complete 
|  97|0x0000000786100000, 0x0000000786200000, 0x0000000786200000|100%| E|CS|TAMS 0x0000000786100000, 0x0000000786100000| Complete 
|  98|0x0000000786200000, 0x0000000786300000, 0x0000000786300000|100%| E|CS|TAMS 0x0000000786200000, 0x0000000786200000| Complete 
|  99|0x0000000786300000, 0x0000000786400000, 0x0000000786400000|100%| E|CS|TAMS 0x0000000786300000, 0x0000000786300000| Complete 
| 100|0x0000000786400000, 0x0000000786500000, 0x0000000786500000|100%| E|CS|TAMS 0x0000000786400000, 0x0000000786400000| Complete 
| 101|0x0000000786500000, 0x0000000786600000, 0x0000000786600000|100%| E|CS|TAMS 0x0000000786500000, 0x0000000786500000| Complete 
| 102|0x0000000786600000, 0x0000000786700000, 0x0000000786700000|100%| E|CS|TAMS 0x0000000786600000, 0x0000000786600000| Complete 
| 103|0x0000000786700000, 0x0000000786800000, 0x0000000786800000|100%| E|CS|TAMS 0x0000000786700000, 0x0000000786700000| Complete 
| 104|0x0000000786800000, 0x0000000786900000, 0x0000000786900000|100%| E|CS|TAMS 0x0000000786800000, 0x0000000786800000| Complete 
| 105|0x0000000786900000, 0x0000000786a00000, 0x0000000786a00000|100%| E|CS|TAMS 0x0000000786900000, 0x0000000786900000| Complete 
| 106|0x0000000786a00000, 0x0000000786b00000, 0x0000000786b00000|100%| E|CS|TAMS 0x0000000786a00000, 0x0000000786a00000| Complete 
| 107|0x0000000786b00000, 0x0000000786c00000, 0x0000000786c00000|100%| E|CS|TAMS 0x0000000786b00000, 0x0000000786b00000| Complete 
| 108|0x0000000786c00000, 0x0000000786d00000, 0x0000000786d00000|100%| E|CS|TAMS 0x0000000786c00000, 0x0000000786c00000| Complete 
| 109|0x0000000786d00000, 0x0000000786e00000, 0x0000000786e00000|100%| E|CS|TAMS 0x0000000786d00000, 0x0000000786d00000| Complete 
| 110|0x0000000786e00000, 0x0000000786f00000, 0x0000000786f00000|100%| E|CS|TAMS 0x0000000786e00000, 0x0000000786e00000| Complete 
| 111|0x0000000786f00000, 0x0000000787000000, 0x0000000787000000|100%| E|CS|TAMS 0x0000000786f00000, 0x0000000786f00000| Complete 
| 112|0x0000000787000000, 0x0000000787100000, 0x0000000787100000|100%| E|CS|TAMS 0x0000000787000000, 0x0000000787000000| Complete 
| 113|0x0000000787100000, 0x0000000787200000, 0x0000000787200000|100%| E|CS|TAMS 0x0000000787100000, 0x0000000787100000| Complete 
| 114|0x0000000787200000, 0x0000000787300000, 0x0000000787300000|100%| E|CS|TAMS 0x0000000787200000, 0x0000000787200000| Complete 
| 115|0x0000000787300000, 0x0000000787400000, 0x0000000787400000|100%| E|CS|TAMS 0x0000000787300000, 0x0000000787300000| Complete 
| 116|0x0000000787400000, 0x0000000787500000, 0x0000000787500000|100%| E|CS|TAMS 0x0000000787400000, 0x0000000787400000| Complete 
| 117|0x0000000787500000, 0x0000000787600000, 0x0000000787600000|100%| E|CS|TAMS 0x0000000787500000, 0x0000000787500000| Complete 
| 118|0x0000000787600000, 0x0000000787700000, 0x0000000787700000|100%| E|CS|TAMS 0x0000000787600000, 0x0000000787600000| Complete 
| 119|0x0000000787700000, 0x0000000787800000, 0x0000000787800000|100%| E|CS|TAMS 0x0000000787700000, 0x0000000787700000| Complete 
| 120|0x0000000787800000, 0x0000000787900000, 0x0000000787900000|100%| E|CS|TAMS 0x0000000787800000, 0x0000000787800000| Complete 
| 121|0x0000000787900000, 0x0000000787a00000, 0x0000000787a00000|100%| E|CS|TAMS 0x0000000787900000, 0x0000000787900000| Complete 
| 122|0x0000000787a00000, 0x0000000787b00000, 0x0000000787b00000|100%| E|CS|TAMS 0x0000000787a00000, 0x0000000787a00000| Complete 
| 123|0x0000000787b00000, 0x0000000787c00000, 0x0000000787c00000|100%| E|CS|TAMS 0x0000000787b00000, 0x0000000787b00000| Complete 
| 124|0x0000000787c00000, 0x0000000787d00000, 0x0000000787d00000|100%| E|CS|TAMS 0x0000000787c00000, 0x0000000787c00000| Complete 
| 125|0x0000000787d00000, 0x0000000787e00000, 0x0000000787e00000|100%| E|CS|TAMS 0x0000000787d00000, 0x0000000787d00000| Complete 
| 126|0x0000000787e00000, 0x0000000787f00000, 0x0000000787f00000|100%| E|CS|TAMS 0x0000000787e00000, 0x0000000787e00000| Complete 
| 127|0x0000000787f00000, 0x0000000788000000, 0x0000000788000000|100%| E|CS|TAMS 0x0000000787f00000, 0x0000000787f00000| Complete 
| 128|0x0000000788000000, 0x0000000788100000, 0x0000000788100000|100%| E|CS|TAMS 0x0000000788000000, 0x0000000788000000| Complete 
| 129|0x0000000788100000, 0x0000000788200000, 0x0000000788200000|100%| E|CS|TAMS 0x0000000788100000, 0x0000000788100000| Complete 
| 130|0x0000000788200000, 0x0000000788300000, 0x0000000788300000|100%| E|CS|TAMS 0x0000000788200000, 0x0000000788200000| Complete 
| 131|0x0000000788300000, 0x0000000788400000, 0x0000000788400000|100%| E|CS|TAMS 0x0000000788300000, 0x0000000788300000| Complete 
| 132|0x0000000788400000, 0x0000000788500000, 0x0000000788500000|100%| E|CS|TAMS 0x0000000788400000, 0x0000000788400000| Complete 
| 133|0x0000000788500000, 0x0000000788600000, 0x0000000788600000|100%| E|CS|TAMS 0x0000000788500000, 0x0000000788500000| Complete 
| 134|0x0000000788600000, 0x0000000788700000, 0x0000000788700000|100%| E|CS|TAMS 0x0000000788600000, 0x0000000788600000| Complete 
| 135|0x0000000788700000, 0x0000000788800000, 0x0000000788800000|100%| E|CS|TAMS 0x0000000788700000, 0x0000000788700000| Complete 
| 136|0x0000000788800000, 0x0000000788900000, 0x0000000788900000|100%| E|CS|TAMS 0x0000000788800000, 0x0000000788800000| Complete 
| 137|0x0000000788900000, 0x0000000788a00000, 0x0000000788a00000|100%| E|CS|TAMS 0x0000000788900000, 0x0000000788900000| Complete 
| 138|0x0000000788a00000, 0x0000000788b00000, 0x0000000788b00000|100%| E|CS|TAMS 0x0000000788a00000, 0x0000000788a00000| Complete 
| 139|0x0000000788b00000, 0x0000000788c00000, 0x0000000788c00000|100%| E|CS|TAMS 0x0000000788b00000, 0x0000000788b00000| Complete 
| 140|0x0000000788c00000, 0x0000000788d00000, 0x0000000788d00000|100%| E|CS|TAMS 0x0000000788c00000, 0x0000000788c00000| Complete 
| 141|0x0000000788d00000, 0x0000000788e00000, 0x0000000788e00000|100%| E|CS|TAMS 0x0000000788d00000, 0x0000000788d00000| Complete 
| 142|0x0000000788e00000, 0x0000000788f00000, 0x0000000788f00000|100%| E|CS|TAMS 0x0000000788e00000, 0x0000000788e00000| Complete 
| 143|0x0000000788f00000, 0x0000000789000000, 0x0000000789000000|100%| E|CS|TAMS 0x0000000788f00000, 0x0000000788f00000| Complete 
| 144|0x0000000789000000, 0x0000000789100000, 0x0000000789100000|100%| E|CS|TAMS 0x0000000789000000, 0x0000000789000000| Complete 
| 145|0x0000000789100000, 0x0000000789200000, 0x0000000789200000|100%| E|CS|TAMS 0x0000000789100000, 0x0000000789100000| Complete 
| 146|0x0000000789200000, 0x0000000789300000, 0x0000000789300000|100%| E|CS|TAMS 0x0000000789200000, 0x0000000789200000| Complete 
| 147|0x0000000789300000, 0x0000000789400000, 0x0000000789400000|100%| E|CS|TAMS 0x0000000789300000, 0x0000000789300000| Complete 
| 148|0x0000000789400000, 0x0000000789500000, 0x0000000789500000|100%| E|CS|TAMS 0x0000000789400000, 0x0000000789400000| Complete 
| 149|0x0000000789500000, 0x0000000789600000, 0x0000000789600000|100%| E|CS|TAMS 0x0000000789500000, 0x0000000789500000| Complete 
| 150|0x0000000789600000, 0x0000000789700000, 0x0000000789700000|100%| E|CS|TAMS 0x0000000789600000, 0x0000000789600000| Complete 
| 151|0x0000000789700000, 0x0000000789800000, 0x0000000789800000|100%| E|CS|TAMS 0x0000000789700000, 0x0000000789700000| Complete 
| 152|0x0000000789800000, 0x0000000789900000, 0x0000000789900000|100%| E|CS|TAMS 0x0000000789800000, 0x0000000789800000| Complete 
| 153|0x0000000789900000, 0x0000000789a00000, 0x0000000789a00000|100%| E|CS|TAMS 0x0000000789900000, 0x0000000789900000| Complete 
| 154|0x0000000789a00000, 0x0000000789b00000, 0x0000000789b00000|100%| E|CS|TAMS 0x0000000789a00000, 0x0000000789a00000| Complete 
| 155|0x0000000789b00000, 0x0000000789c00000, 0x0000000789c00000|100%| E|CS|TAMS 0x0000000789b00000, 0x0000000789b00000| Complete 
| 156|0x0000000789c00000, 0x0000000789d00000, 0x0000000789d00000|100%| E|CS|TAMS 0x0000000789c00000, 0x0000000789c00000| Complete 
| 157|0x0000000789d00000, 0x0000000789e00000, 0x0000000789e00000|100%| E|CS|TAMS 0x0000000789d00000, 0x0000000789d00000| Complete 
| 158|0x0000000789e00000, 0x0000000789f00000, 0x0000000789f00000|100%| E|CS|TAMS 0x0000000789e00000, 0x0000000789e00000| Complete 
| 159|0x0000000789f00000, 0x000000078a000000, 0x000000078a000000|100%| E|CS|TAMS 0x0000000789f00000, 0x0000000789f00000| Complete 
| 160|0x000000078a000000, 0x000000078a100000, 0x000000078a100000|100%| E|CS|TAMS 0x000000078a000000, 0x000000078a000000| Complete 
| 161|0x000000078a100000, 0x000000078a200000, 0x000000078a200000|100%| E|CS|TAMS 0x000000078a100000, 0x000000078a100000| Complete 
| 162|0x000000078a200000, 0x000000078a300000, 0x000000078a300000|100%| E|CS|TAMS 0x000000078a200000, 0x000000078a200000| Complete 
| 163|0x000000078a300000, 0x000000078a400000, 0x000000078a400000|100%| E|CS|TAMS 0x000000078a300000, 0x000000078a300000| Complete 
| 164|0x000000078a400000, 0x000000078a500000, 0x000000078a500000|100%| E|CS|TAMS 0x000000078a400000, 0x000000078a400000| Complete 
| 165|0x000000078a500000, 0x000000078a600000, 0x000000078a600000|100%| E|CS|TAMS 0x000000078a500000, 0x000000078a500000| Complete 
| 166|0x000000078a600000, 0x000000078a700000, 0x000000078a700000|100%| E|CS|TAMS 0x000000078a600000, 0x000000078a600000| Complete 
| 167|0x000000078a700000, 0x000000078a800000, 0x000000078a800000|100%| E|CS|TAMS 0x000000078a700000, 0x000000078a700000| Complete 
| 168|0x000000078a800000, 0x000000078a900000, 0x000000078a900000|100%| E|CS|TAMS 0x000000078a800000, 0x000000078a800000| Complete 
|2046|0x00000007ffe00000, 0x00000007ffe46000, 0x00000007fff00000| 27%|OA|  |TAMS 0x00000007ffe00000, 0x00000007ffe00000| Untracked 
|2047|0x00000007fff00000, 0x00000007fff8a000, 0x0000000800000000| 53%|CA|  |TAMS 0x00000007fff00000, 0x00000007fff00000| Untracked 

Card table byte_map: [0x00000001028bd000,0x0000000102cbd000] _byte_map_base: 0x00000000fecbd000

Marking Bits (Prev, Next): (CMBitMap*) 0x00007f9bbd00dc10, (CMBitMap*) 0x00007f9bbd00dc50
 Prev Bits: [0x000000011e40d000, 0x000000012040d000)
 Next Bits: [0x000000012040d000, 0x000000012240d000)

Polling page: 0x00000001021e3000

Metaspace:

Usage:
  Non-class:      9.77 MB used.
      Class:      1.23 MB used.
       Both:     11.00 MB used.

Virtual space:
  Non-class space:       16.00 MB reserved,       9.88 MB ( 62%) committed,  2 nodes.
      Class space:        1.00 GB reserved,       1.31 MB ( <1%) committed,  1 nodes.
             Both:        1.02 GB reserved,      11.19 MB (  1%) committed. 

Chunk freelists:
   Non-Class:  1.55 MB
       Class:  2.69 MB
        Both:  4.24 MB

MaxMetaspaceSize: unlimited
CompressedClassSpaceSize: 1.00 GB
Initial GC threshold: 21.00 MB
Current GC threshold: 21.00 MB
CDS: on
MetaspaceReclaimPolicy: balanced
 - commit_granule_bytes: 65536.
 - commit_granule_words: 8192.
 - virtual_space_node_default_size: 1048576.
 - enlarge_chunks_in_place: 1.
 - new_chunks_are_fully_committed: 0.
 - uncommit_free_chunks: 1.
 - use_allocation_guard: 0.
 - handle_deallocations: 1.


Internal statistics:

num_allocs_failed_limit: 0.
num_arena_births: 104.
num_arena_deaths: 0.
num_vsnodes_births: 3.
num_vsnodes_deaths: 0.
num_space_committed: 179.
num_space_uncommitted: 0.
num_chunks_returned_to_freelist: 0.
num_chunks_taken_from_freelist: 436.
num_chunk_merges: 0.
num_chunk_splits: 272.
num_chunks_enlarged: 200.
num_purges: 0.
num_inconsistent_stats: 0.

CodeHeap 'non-profiled nmethods': size=119752Kb used=856Kb max_used=856Kb free=118895Kb
 bounds [0x0000000116f1b000, 0x000000011718b000, 0x000000011e40d000]
CodeHeap 'profiled nmethods': size=119752Kb used=6636Kb max_used=6636Kb free=113115Kb
 bounds [0x000000010fa29000, 0x00000001100a9000, 0x0000000116f1b000]
CodeHeap 'non-nmethods': size=6256Kb used=1160Kb max_used=1193Kb free=5095Kb
 bounds [0x000000010f40d000, 0x000000010f67d000, 0x000000010fa29000]
 total_blobs=3679 nmethods=3236 adapters=360
 compilation: enabled
              stopped_count=0, restarted_count=0
 full_count=0

JVMCI Events (20 events):
Event: 4.652 Thread 0x00007f9bbd849200 compacted oop handles in JVMCI runtime 0 from 183 to 177
Event: 4.701 Thread 0x00007f9bbd849200 compacted oop handles in JVMCI runtime 0 from 204 to 199
Event: 4.702 Thread 0x00007f9bbd849200 compacted oop handles in JVMCI runtime 0 from 200 to 86
Event: 4.710 Thread 0x00007f9bbd849200 compacted oop handles in JVMCI runtime 0 from 90 to 87
Event: 4.752 Thread 0x00007f9bbd849200 compacted oop handles in JVMCI runtime 0 from 151 to 140
Event: 4.784 Thread 0x00007f9bbd849200 compacted oop handles in JVMCI runtime 0 from 143 to 142
Event: 4.799 Thread 0x00007f9bbd849200 compacted oop handles in JVMCI runtime 0 from 150 to 148
Event: 4.803 Thread 0x00007f9bbd849200 compacted oop handles in JVMCI runtime 0 from 154 to 153
Event: 4.824 Thread 0x00007f9bbd849200 compacted oop handles in JVMCI runtime 0 from 154 to 153
Event: 4.837 Thread 0x00007f9bbd849200 compacted oop handles in JVMCI runtime 0 from 158 to 90
Event: 4.845 Thread 0x00007f9bbd849200 compacted oop handles in JVMCI runtime 0 from 99 to 97
Event: 4.847 Thread 0x00007f9bbd849200 compacted oop handles in JVMCI runtime 0 from 98 to 97
Event: 4.852 Thread 0x00007f9bbd849200 compacted oop handles in JVMCI runtime 0 from 101 to 97
Event: 4.879 Thread 0x00007f9bbd849200 compacted oop handles in JVMCI runtime 0 from 102 to 99
Event: 4.887 Thread 0x00007f9bbd849200 compacted oop handles in JVMCI runtime 0 from 106 to 105
Event: 4.906 Thread 0x00007f9bbd849200 compacted oop handles in JVMCI runtime 0 from 163 to 147
Event: 5.082 Thread 0x00007f9bbd849200 compacted oop handles in JVMCI runtime 0 from 191 to 154
Event: 5.082 Thread 0x00007f9bbd849200 compacted oop handles in JVMCI runtime 0 from 155 to 97
Event: 5.112 Thread 0x00007f9bbd849200 compacted oop handles in JVMCI runtime 0 from 152 to 138
Event: 5.118 Thread 0x00007f9bbd849200 compacted oop handles in JVMCI runtime 0 from 145 to 142

Compilation events (20 events):
Event: 5.111 Thread 0x00007f9bbd01ea00 3231       2       com.tngtech.archunit.thirdparty.com.google.common.collect.ArrayListMultimap::get (6 bytes)
Event: 5.112 Thread 0x00007f9bbd849200 nmethod 3117 0x0000000116fef190 code [0x0000000116fef380, 0x0000000116fefab0]
Event: 5.112 Thread 0x00007f9bbd01ea00 nmethod 3231 0x000000011008ee90 code [0x000000011008f060, 0x000000011008f3a0]
Event: 5.112 Thread 0x00007f9bbd849200 3215       4       com.tngtech.archunit.thirdparty.org.objectweb.asm.signature.SignatureVisitor::visitEnd (1 bytes)
Event: 5.112 Thread 0x00007f9bbd01ea00 3234       2       com.tngtech.archunit.thirdparty.com.google.common.collect.ImmutableSet$SetBuilderImpl::<init> (18 bytes)
Event: 5.112 Thread 0x00007f9bbd01ea00 nmethod 3234 0x000000011008f590 code [0x000000011008f720, 0x000000011008f910]
Event: 5.112 Thread 0x00007f9bbd01ea00 3233       2       com.tngtech.archunit.thirdparty.com.google.common.collect.ImmutableSet$RegularSetBuilderImpl::<init> (21 bytes)
Event: 5.112 Thread 0x00007f9bbd01ea00 nmethod 3233 0x000000011008fa10 code [0x000000011008fbc0, 0x000000011008fe10]
Event: 5.112 Thread 0x00007f9bbd01ea00 3232       2       com.tngtech.archunit.thirdparty.com.google.common.collect.ImmutableSet$EmptySetBuilderImpl::add (13 bytes)
Event: 5.112 Thread 0x00007f9bbd01ea00 nmethod 3232 0x000000011008ff10 code [0x00000001100900c0, 0x0000000110090340]
Event: 5.112 Thread 0x00007f9bbd849200 nmethod 3215 0x0000000116ff0390 code [0x0000000116ff0500, 0x0000000116ff0540]
Event: 5.112 Thread 0x00007f9bbd849200 3143       4       com.tngtech.archunit.thirdparty.org.objectweb.asm.ClassReader::readStringish (16 bytes)
Event: 5.114 Thread 0x00007f9bbd01ea00 3236       3       com.tngtech.archunit.thirdparty.com.google.common.collect.RegularImmutableSet::iterator (5 bytes)
Event: 5.114 Thread 0x00007f9bbd01ea00 nmethod 3236 0x0000000110090490 code [0x0000000110090640, 0x0000000110090840]
Event: 5.118 Thread 0x00007f9bbd849200 nmethod 3143 0x0000000116ff0690 code [0x0000000116ff0820, 0x0000000116ff0b10]
Event: 5.118 Thread 0x00007f9bbd849200 3237       4       java.util.HashSet::<init> (16 bytes)
Event: 5.119 Thread 0x00007f9bbd01ea00 3238       3       java.lang.StringUTF16::compress (50 bytes)
Event: 5.119 Thread 0x00007f9bbd01ea00 nmethod 3238 0x0000000110090990 code [0x0000000110090b40, 0x0000000110090d90]
Event: 5.119 Thread 0x00007f9bbd01ea00 3239       3       com.tngtech.archunit.thirdparty.org.objectweb.asm.ClassReader::readUtf (161 bytes)
Event: 5.120 Thread 0x00007f9bbd01ea00 nmethod 3239 0x0000000110090f10 code [0x00000001100910e0, 0x0000000110091540]

GC Heap History (12 events):
Event: 0.929 GC heap before
{Heap before GC invocations=0 (full 0):
 garbage-first heap   total 133120K, used 14144K [0x0000000780000000, 0x0000000800000000)
  region size 1024K, 13 young (13312K), 0 survivors (0K)
 Metaspace       used 2870K, committed 3008K, reserved 1056768K
  class space    used 283K, committed 384K, reserved 1048576K
}
Event: 0.937 GC heap after
{Heap after GC invocations=1 (full 0):
 garbage-first heap   total 133120K, used 7669K [0x0000000780000000, 0x0000000800000000)
  region size 1024K, 2 young (2048K), 2 survivors (2048K)
 Metaspace       used 2870K, committed 3008K, reserved 1056768K
  class space    used 283K, committed 384K, reserved 1048576K
}
Event: 1.595 GC heap before
{Heap before GC invocations=1 (full 0):
 garbage-first heap   total 133120K, used 20981K [0x0000000780000000, 0x0000000800000000)
  region size 1024K, 15 young (15360K), 2 survivors (2048K)
 Metaspace       used 6191K, committed 6336K, reserved 1056768K
  class space    used 736K, committed 768K, reserved 1048576K
}
Event: 1.602 GC heap after
{Heap after GC invocations=2 (full 0):
 garbage-first heap   total 133120K, used 9390K [0x0000000780000000, 0x0000000800000000)
  region size 1024K, 2 young (2048K), 2 survivors (2048K)
 Metaspace       used 6191K, committed 6336K, reserved 1056768K
  class space    used 736K, committed 768K, reserved 1048576K
}
Event: 2.379 GC heap before
{Heap before GC invocations=2 (full 0):
 garbage-first heap   total 133120K, used 39086K [0x0000000780000000, 0x0000000800000000)
  region size 1024K, 31 young (31744K), 2 survivors (2048K)
 Metaspace       used 7749K, committed 7872K, reserved 1056768K
  class space    used 939K, committed 1024K, reserved 1048576K
}
Event: 2.388 GC heap after
{Heap after GC invocations=3 (full 0):
 garbage-first heap   total 133120K, used 11741K [0x0000000780000000, 0x0000000800000000)
  region size 1024K, 4 young (4096K), 4 survivors (4096K)
 Metaspace       used 7749K, committed 7872K, reserved 1056768K
  class space    used 939K, committed 1024K, reserved 1048576K
}
Event: 2.881 GC heap before
{Heap before GC invocations=3 (full 0):
 garbage-first heap   total 133120K, used 85469K [0x0000000780000000, 0x0000000800000000)
  region size 1024K, 76 young (77824K), 4 survivors (4096K)
 Metaspace       used 7896K, committed 8064K, reserved 1056768K
  class space    used 948K, committed 1024K, reserved 1048576K
}
Event: 2.897 GC heap after
{Heap after GC invocations=4 (full 0):
 garbage-first heap   total 133120K, used 16093K [0x0000000780000000, 0x0000000800000000)
  region size 1024K, 8 young (8192K), 8 survivors (8192K)
 Metaspace       used 7896K, committed 8064K, reserved 1056768K
  class space    used 948K, committed 1024K, reserved 1048576K
}
Event: 3.163 GC heap before
{Heap before GC invocations=4 (full 0):
 garbage-first heap   total 133120K, used 85725K [0x0000000780000000, 0x0000000800000000)
  region size 1024K, 76 young (77824K), 8 survivors (8192K)
 Metaspace       used 7975K, committed 8192K, reserved 1056768K
  class space    used 948K, committed 1024K, reserved 1048576K
}
Event: 3.187 GC heap after
{Heap after GC invocations=5 (full 0):
 garbage-first heap   total 133120K, used 22113K [0x0000000780000000, 0x0000000800000000)
  region size 1024K, 10 young (10240K), 10 survivors (10240K)
 Metaspace       used 7975K, committed 8192K, reserved 1056768K
  class space    used 948K, committed 1024K, reserved 1048576K
}
Event: 3.288 GC heap before
{Heap before GC invocations=5 (full 0):
 garbage-first heap   total 133120K, used 89697K [0x0000000780000000, 0x0000000800000000)
  region size 1024K, 76 young (77824K), 10 survivors (10240K)
 Metaspace       used 7980K, committed 8192K, reserved 1056768K
  class space    used 948K, committed 1024K, reserved 1048576K
}
Event: 3.311 GC heap after
{Heap after GC invocations=6 (full 0):
 garbage-first heap   total 175104K, used 28781K [0x0000000780000000, 0x0000000800000000)
  region size 1024K, 7 young (7168K), 7 survivors (7168K)
 Metaspace       used 7980K, committed 8192K, reserved 1056768K
  class space    used 948K, committed 1024K, reserved 1048576K
}

Dll operation events (10 events):
Event: 0.017 Loaded shared library /Users/aleoliv/.asdf/installs/java/graalvm-22.3.0+java17/lib/libjava.dylib
Event: 0.223 Loaded shared library /Users/aleoliv/.asdf/installs/java/graalvm-22.3.0+java17/lib/libzip.dylib
Event: 0.241 Loaded shared library /Users/aleoliv/.asdf/installs/java/graalvm-22.3.0+java17/lib/libinstrument.dylib
Event: 0.256 Loaded shared library /Users/aleoliv/.asdf/installs/java/graalvm-22.3.0+java17/lib/libnio.dylib
Event: 0.280 Loaded shared library /Users/aleoliv/.asdf/installs/java/graalvm-22.3.0+java17/lib/libzip.dylib
Event: 0.292 Loaded shared library /Users/aleoliv/.asdf/installs/java/graalvm-22.3.0+java17/lib/libjvmcicompiler.dylib
Event: 0.334 Loaded shared library /Users/aleoliv/.asdf/installs/java/graalvm-22.3.0+java17/lib/libnet.dylib
Event: 0.352 Loaded shared library /Users/aleoliv/.asdf/installs/java/graalvm-22.3.0+java17/lib/libextnet.dylib
Event: 0.471 Loaded shared library /Users/aleoliv/.asdf/installs/java/graalvm-22.3.0+java17/lib/libjimage.dylib
Event: 1.122 Loaded shared library /Users/aleoliv/.asdf/installs/java/graalvm-22.3.0+java17/lib/libverify.dylib

Deoptimization events (20 events):
Event: 5.030 Thread 0x00007f9bbd813c00 DEOPT PACKING pc=0x0000000116f5cf52 sp=0x000070000c331d40
Event: 5.030 Thread 0x00007f9bbd813c00 DEOPT UNPACKING pc=0x000000010f45f625 sp=0x000070000c331218 mode 3
Event: 5.030 Thread 0x00007f9bbd813c00 Uncommon trap: trap_request=0xffffffed fr.pc=0x0000000116f52752 relative=0x0000000000000532
Event: 5.030 Thread 0x00007f9bbd813c00 Uncommon trap: reason=null_assert_or_unreached0 action=reinterpret pc=0x0000000116f52752 method=java.lang.AbstractStringBuilder.append(Ljava/lang/String;)Ljava/lang/AbstractStringBuilder; @ 0 jvmci
Event: 5.030 Thread 0x00007f9bbd813c00 DEOPT PACKING pc=0x0000000116f52752 sp=0x000070000c331cd0
Event: 5.031 Thread 0x00007f9bbd813c00 DEOPT UNPACKING pc=0x000000010f45f625 sp=0x000070000c3311a0 mode 3
Event: 5.044 Thread 0x00007f9bbd813c00 Uncommon trap: trap_request=0xffffffcd fr.pc=0x0000000116fc6c17 relative=0x0000000000000dd7
Event: 5.044 Thread 0x00007f9bbd813c00 Uncommon trap: reason=intrinsic_or_type_checked_inlining action=reinterpret pc=0x0000000116fc6c17 method=com.tngtech.archunit.thirdparty.org.objectweb.asm.signature.SignatureReader.parseType(Ljava/lang/String;ILcom/tngtech/archunit/thirdparty/org/objectwe
Event: 5.044 Thread 0x00007f9bbd813c00 DEOPT PACKING pc=0x0000000116fc6c17 sp=0x000070000c331740
Event: 5.044 Thread 0x00007f9bbd813c00 DEOPT UNPACKING pc=0x000000010f45f625 sp=0x000070000c330bf8 mode 3
Event: 5.063 Thread 0x00007f9bbd813c00 DEOPT PACKING pc=0x000000010fe0e522 sp=0x000070000c332570
Event: 5.063 Thread 0x00007f9bbd813c00 DEOPT UNPACKING pc=0x000000010f45f625 sp=0x000070000c331a58 mode 0
Event: 5.118 Thread 0x00007f9bbd813c00 Uncommon trap: trap_request=0xffffffed fr.pc=0x0000000116fbcdc9 relative=0x00000000000003a9
Event: 5.118 Thread 0x00007f9bbd813c00 Uncommon trap: reason=null_assert_or_unreached0 action=reinterpret pc=0x0000000116fbcdc9 method=com.tngtech.archunit.thirdparty.org.objectweb.asm.ClassReader.readUtf(II[C)Ljava/lang/String; @ 0 jvmci
Event: 5.118 Thread 0x00007f9bbd813c00 DEOPT PACKING pc=0x0000000116fbcdc9 sp=0x000070000c3316d0
Event: 5.118 Thread 0x00007f9bbd813c00 DEOPT UNPACKING pc=0x000000010f45f625 sp=0x000070000c330b30 mode 3
Event: 5.118 Thread 0x00007f9bbd813c00 Uncommon trap: trap_request=0xffffffed fr.pc=0x0000000116f57b9a relative=0x000000000000011a
Event: 5.118 Thread 0x00007f9bbd813c00 Uncommon trap: reason=null_assert_or_unreached0 action=reinterpret pc=0x0000000116f57b9a method=java.lang.StringUTF16.compress([CI[BII)I @ 0 jvmci
Event: 5.118 Thread 0x00007f9bbd813c00 DEOPT PACKING pc=0x0000000116f57b9a sp=0x000070000c3314b0
Event: 5.118 Thread 0x00007f9bbd813c00 DEOPT UNPACKING pc=0x000000010f45f625 sp=0x000070000c330920 mode 3

Classes unloaded (0 events):
No events

Classes redefined (0 events):
No events

Internal exceptions (20 events):
Event: 1.507 Thread 0x00007f9bbd813c00 Exception <a 'java/lang/NoSuchMethodError'{0x00000007875ecc68}: 'org.slf4j.impl.StaticMDCBinder org.slf4j.impl.StaticMDCBinder.getSingleton()'> (0x00000007875ecc68) 
thrown [src/hotspot/share/interpreter/linkResolver.cpp, line 759]
Event: 1.575 Thread 0x00007f9bbd813c00 Exception <a 'java/lang/NoSuchMethodError'{0x0000000787362368}: 'void java.lang.invoke.DirectMethodHandle$Holder.invokeInterface(java.lang.Object, java.lang.Object)'> (0x0000000787362368) 
thrown [src/hotspot/share/interpreter/linkResolver.cpp, line 759]
Event: 1.575 Thread 0x00007f9bbd813c00 Exception <a 'java/lang/IncompatibleClassChangeError'{0x00000007873658f8}: Found class java.lang.Object, but interface was expected> (0x00000007873658f8) 
thrown [src/hotspot/share/interpreter/linkResolver.cpp, line 826]
Event: 1.587 Thread 0x00007f9bbd813c00 Exception <a 'java/lang/IncompatibleClassChangeError'{0x00000007873b2b60}: Found class java.lang.Object, but interface was expected> (0x00000007873b2b60) 
thrown [src/hotspot/share/interpreter/linkResolver.cpp, line 826]
Event: 1.609 Thread 0x00007f9bbd813c00 Exception <a 'java/lang/NoSuchMethodError'{0x0000000787f2f9e8}: 'void java.lang.invoke.DirectMethodHandle$Holder.invokeSpecial(java.lang.Object, java.lang.Object, java.lang.Object)'> (0x0000000787f2f9e8) 
thrown [src/hotspot/share/interpreter/linkResolver.cpp, line 759]
Event: 1.621 Thread 0x00007f9bbd813c00 Exception <a 'java/lang/NoSuchMethodError'{0x0000000787f6ab40}: 'void java.lang.invoke.DirectMethodHandle$Holder.invokeInterface(java.lang.Object, java.lang.Object, java.lang.Object, java.lang.Object)'> (0x0000000787f6ab40) 
thrown [src/hotspot/share/interpreter/linkResolver.cpp, line 759]
Event: 1.621 Thread 0x00007f9bbd813c00 Exception <a 'java/lang/IncompatibleClassChangeError'{0x0000000787f6e468}: Found class java.lang.Object, but interface was expected> (0x0000000787f6e468) 
thrown [src/hotspot/share/interpreter/linkResolver.cpp, line 826]
Event: 1.625 Thread 0x00007f9bbd813c00 Exception <a 'java/lang/NoSuchMethodError'{0x0000000787f83ad0}: 'void java.lang.invoke.DirectMethodHandle$Holder.invokeStatic(java.lang.Object, java.lang.Object, java.lang.Object, java.lang.Object)'> (0x0000000787f83ad0) 
thrown [src/hotspot/share/interpreter/linkResolver.cpp, line 759]
Event: 1.627 Thread 0x00007f9bbd813c00 Exception <a 'java/lang/NoSuchMethodError'{0x0000000787f94a38}: 'java.lang.Object java.lang.invoke.DirectMethodHandle$Holder.newInvokeSpecial(java.lang.Object, java.lang.Object, int)'> (0x0000000787f94a38) 
thrown [src/hotspot/share/interpreter/linkResolver.cpp, line 759]
Event: 1.656 Thread 0x00007f9bbd813c00 Exception <a 'java/lang/NoSuchMethodError'{0x0000000787e11220}: 'int java.lang.invoke.DirectMethodHandle$Holder.invokeStatic(java.lang.Object, java.lang.Object, java.lang.Object, java.lang.Object)'> (0x0000000787e11220) 
thrown [src/hotspot/share/interpreter/linkResolver.cpp, line 759]
Event: 1.657 Thread 0x00007f9bbd813c00 Exception <a 'java/lang/NoSuchMethodError'{0x0000000787e14ba0}: 'java.lang.Object java.lang.invoke.Invokers$Holder.invokeExact_MT(java.lang.Object, java.lang.Object, java.lang.Object, java.lang.Object, java.lang.Object, java.lang.Object)'> (0x0000000787e14ba0) 
thrown [src/hotspot/share/interpreter/linkResolver.cpp, line 759]
Event: 1.659 Thread 0x00007f9bbd813c00 Exception <a 'java/lang/NoSuchMethodError'{0x0000000787e24dd8}: 'int java.lang.invoke.DirectMethodHandle$Holder.invokeStatic(java.lang.Object, java.lang.Object, java.lang.Object, java.lang.Object, java.lang.Object)'> (0x0000000787e24dd8) 
thrown [src/hotspot/share/interpreter/linkResolver.cpp, line 759]
Event: 1.672 Thread 0x00007f9bbd813c00 Exception <a 'java/lang/NoSuchMethodError'{0x0000000787e564f0}: 'void java.lang.invoke.DirectMethodHandle$Holder.invokeStaticInit(java.lang.Object)'> (0x0000000787e564f0) 
thrown [src/hotspot/share/interpreter/linkResolver.cpp, line 759]
Event: 2.815 Thread 0x00007f9bbd813c00 Exception <a 'java/lang/NoSuchMethodError'{0x0000000783a8fbd8}: 'int java.lang.invoke.DirectMethodHandle$Holder.invokeVirtual(java.lang.Object, java.lang.Object, java.lang.Object)'> (0x0000000783a8fbd8) 
thrown [src/hotspot/share/interpreter/linkResolver.cpp, line 759]
Event: 3.529 Thread 0x00007f9bbd813c00 Exception <a 'java/lang/NoSuchMethodError'{0x0000000788dce7b8}: 'int java.lang.invoke.DirectMethodHandle$Holder.invokeStaticInit(java.lang.Object, java.lang.Object, java.lang.Object)'> (0x0000000788dce7b8) 
thrown [src/hotspot/share/interpreter/linkResolver.cpp, line 759]
Event: 4.648 Thread 0x00007f9bbd813c00 Exception <a 'java/lang/NoSuchMethodError'{0x0000000786b4e180}: 'java.lang.Object java.lang.invoke.DirectMethodHandle$Holder.invokeInterface(java.lang.Object, java.lang.Object, java.lang.Object)'> (0x0000000786b4e180) 
thrown [src/hotspot/share/interpreter/linkResolver.cpp, line 759]
Event: 4.661 Thread 0x00007f9bbd849200 Exception <a 'java/lang/IllegalAccessError'{0x0000000788700328}: class java.util.jar.JarEntry tried to access method 'void java.util.zip.ZipEntry.setExtra0(byte[], boolean, boolean)' (java.util.jar.JarEntry and java.util.zip.ZipEntry are in module java.base of loader 'bootstrap')> (0x0000000788700328) 
thrown [src/hotspot/share/interpreter/linkResolver.cpp, line 586]
Event: 4.661 Thread 0x00007f9bbd849200 Exception <a 'java/lang/IllegalAccessError'{0x0000000786a80a10}: class java.util.jar.JarEntry tried to access method 'void java.util.zip.ZipEntry.setExtra0(byte[], boolean, boolean)' (java.util.jar.JarEntry and java.util.zip.ZipEntry are in module java.base of loader 'bootstrap')> (0x0000000786a80a10) 
thrown [src/hotspot/share/interpreter/linkResolver.cpp, line 586]
Event: 5.030 Thread 0x00007f9bbd813c00 Implicit null exception at 0x0000000116f5ca55 to 0x0000000116f5cf37
Event: 5.030 Thread 0x00007f9bbd813c00 Implicit null exception at 0x0000000116f52255 to 0x0000000116f52737

VM Operations (20 events):
Event: 2.379 Executing VM operation: G1CollectForAllocation
Event: 2.398 Executing VM operation: G1CollectForAllocation done
Event: 2.814 Executing VM operation: HandshakeAllThreads
Event: 2.814 Executing VM operation: HandshakeAllThreads done
Event: 2.881 Executing VM operation: G1CollectForAllocation
Event: 2.907 Executing VM operation: G1CollectForAllocation done
Event: 3.163 Executing VM operation: G1CollectForAllocation
Event: 3.188 Executing VM operation: G1CollectForAllocation done
Event: 3.288 Executing VM operation: G1CollectForAllocation
Event: 3.311 Executing VM operation: G1CollectForAllocation done
Event: 3.484 Executing VM operation: HandshakeAllThreads
Event: 3.485 Executing VM operation: HandshakeAllThreads done
Event: 3.567 Executing VM operation: HandshakeAllThreads
Event: 3.567 Executing VM operation: HandshakeAllThreads done
Event: 4.079 Executing VM operation: ICBufferFull
Event: 4.079 Executing VM operation: ICBufferFull done
Event: 4.638 Executing VM operation: ICBufferFull
Event: 4.638 Executing VM operation: ICBufferFull done
Event: 5.045 Executing VM operation: ICBufferFull
Event: 5.045 Executing VM operation: ICBufferFull done

Events (20 events):
Event: 3.589 loading class sun/security/util/MessageDigestSpi2 done
Event: 3.589 loading class java/security/MessageDigest$Delegate done
Event: 3.589 loading class java/security/MessageDigest$Delegate$CloneableDelegate
Event: 3.589 loading class java/security/MessageDigest$Delegate$CloneableDelegate done
Event: 3.598 loading class java/util/ConcurrentModificationException
Event: 3.598 loading class java/util/ConcurrentModificationException done
Event: 3.669 loading class sun/security/util/ManifestEntryVerifier
Event: 3.670 loading class sun/security/util/ManifestEntryVerifier done
Event: 3.702 loading class sun/net/www/protocol/jrt/JavaRuntimeURLConnection
Event: 3.702 loading class sun/net/www/protocol/jrt/JavaRuntimeURLConnection done
Event: 3.703 loading class sun/net/www/protocol/jrt/JavaRuntimeURLConnection$1
Event: 3.704 loading class sun/net/www/protocol/jrt/JavaRuntimeURLConnection$1 done
Event: 3.795 loading class sun/net/ProgressMonitor
Event: 3.795 loading class sun/net/ProgressMonitor done
Event: 3.795 loading class sun/net/DefaultProgressMeteringPolicy
Event: 3.795 loading class sun/net/ProgressMeteringPolicy
Event: 3.795 loading class sun/net/ProgressMeteringPolicy done
Event: 3.795 loading class sun/net/DefaultProgressMeteringPolicy done
Event: 4.661 loading class java/lang/IllegalAccessError
Event: 4.661 loading class java/lang/IllegalAccessError done


Dynamic libraries:
0x00000001021e5000 	/Users/aleoliv/.asdf/installs/java/graalvm-22.3.0+java17/lib/libjli.dylib
0x00007ff81f19b000 	/usr/lib/libz.1.dylib
0x00007ff81f27b000 	/usr/lib/libSystem.B.dylib
0x00007ff81f276000 	/usr/lib/system/libcache.dylib
0x00007ff81f232000 	/usr/lib/system/libcommonCrypto.dylib
0x00007ff81f25b000 	/usr/lib/system/libcompiler_rt.dylib
0x00007ff81f251000 	/usr/lib/system/libcopyfile.dylib
0x00007ff81420a000 	/usr/lib/system/libcorecrypto.dylib
0x00007ff8142c8000 	/usr/lib/system/libdispatch.dylib
0x00007ff814488000 	/usr/lib/system/libdyld.dylib
0x00007ff81f26d000 	/usr/lib/system/libkeymgr.dylib
0x00007ff81f210000 	/usr/lib/system/libmacho.dylib
0x00007ff81e891000 	/usr/lib/system/libquarantine.dylib
0x00007ff81f26b000 	/usr/lib/system/libremovefile.dylib
0x00007ff81941d000 	/usr/lib/system/libsystem_asl.dylib
0x00007ff8141b3000 	/usr/lib/system/libsystem_blocks.dylib
0x00007ff81434c000 	/usr/lib/system/libsystem_c.dylib
0x00007ff81f263000 	/usr/lib/system/libsystem_collections.dylib
0x00007ff81db45000 	/usr/lib/system/libsystem_configuration.dylib
0x00007ff81cdee000 	/usr/lib/system/libsystem_containermanager.dylib
0x00007ff81ef48000 	/usr/lib/system/libsystem_coreservices.dylib
0x00007ff816abe000 	/usr/lib/system/libsystem_darwin.dylib
0x00007ff81f26e000 	/usr/lib/system/libsystem_dnssd.dylib
0x00007ff814349000 	/usr/lib/system/libsystem_featureflags.dylib
0x00007ff81449e000 	/usr/lib/system/libsystem_info.dylib
0x00007ff81f1ae000 	/usr/lib/system/libsystem_m.dylib
0x00007ff81429c000 	/usr/lib/system/libsystem_malloc.dylib
0x00007ff8193b8000 	/usr/lib/system/libsystem_networkextension.dylib
0x00007ff816ee4000 	/usr/lib/system/libsystem_notify.dylib
0x00007ff8254e9000 	/usr/lib/system/libsystem_product_info_filter.dylib
0x00007ff81db49000 	/usr/lib/system/libsystem_sandbox.dylib
0x00007ff81f268000 	/usr/lib/system/libsystem_secinit.dylib
0x00007ff814444000 	/usr/lib/system/libsystem_kernel.dylib
0x00007ff814494000 	/usr/lib/system/libsystem_platform.dylib
0x00007ff81447c000 	/usr/lib/system/libsystem_pthread.dylib
0x00007ff81ac6b000 	/usr/lib/system/libsystem_symptoms.dylib
0x00007ff8141f1000 	/usr/lib/system/libsystem_trace.dylib
0x00007ff81f23e000 	/usr/lib/system/libunwind.dylib
0x00007ff8141b5000 	/usr/lib/system/libxpc.dylib
0x00007ff81442e000 	/usr/lib/libc++abi.dylib
0x00007ff81430f000 	/usr/lib/libobjc.A.dylib
0x00007ff81f249000 	/usr/lib/liboah.dylib
0x00007ff8143d5000 	/usr/lib/libc++.1.dylib
0x00007ff82b2ea000 	/System/Library/Frameworks/Cocoa.framework/Versions/A/Cocoa
0x00007ff816f42000 	/System/Library/Frameworks/AppKit.framework/Versions/C/AppKit
0x00007ff81a459000 	/System/Library/Frameworks/CoreData.framework/Versions/A/CoreData
0x00007ff815345000 	/System/Library/Frameworks/Foundation.framework/Versions/C/Foundation
0x00007ff817dd2000 	/System/Library/PrivateFrameworks/UIFoundation.framework/Versions/A/UIFoundation
0x00007ff8251ec000 	/System/Library/PrivateFrameworks/RemoteViewServices.framework/Versions/A/RemoteViewServices
0x00007ff81d4cf000 	/System/Library/PrivateFrameworks/XCTTargetBootstrap.framework/Versions/A/XCTTargetBootstrap
0x00007ff821082000 	/System/Library/PrivateFrameworks/InternationalSupport.framework/Versions/A/InternationalSupport
0x00007ff82110c000 	/System/Library/PrivateFrameworks/UserActivity.framework/Versions/A/UserActivity
0x00007ff820462000 	/usr/lib/libspindump.dylib
0x00007ff818061000 	/System/Library/Frameworks/UniformTypeIdentifiers.framework/Versions/A/UniformTypeIdentifiers
0x00007ff81bbf3000 	/usr/lib/libapp_launch_measurement.dylib
0x00007ff81ae2b000 	/System/Library/PrivateFrameworks/CoreAnalytics.framework/Versions/A/CoreAnalytics
0x00007ff81bbf6000 	/System/Library/PrivateFrameworks/CoreAutoLayout.framework/Versions/A/CoreAutoLayout
0x00007ff81ce26000 	/System/Library/Frameworks/Metal.framework/Versions/A/Metal
0x00007ff81db55000 	/usr/lib/liblangid.dylib
0x00007ff81d4d4000 	/System/Library/PrivateFrameworks/CoreSVG.framework/Versions/A/CoreSVG
0x00007ff81944d000 	/System/Library/PrivateFrameworks/SkyLight.framework/Versions/A/SkyLight
0x00007ff8197ec000 	/System/Library/Frameworks/CoreGraphics.framework/Versions/A/CoreGraphics
0x00007ff8258ac000 	/System/Library/Frameworks/Accelerate.framework/Versions/A/Accelerate
0x00007ff81fee1000 	/System/Library/PrivateFrameworks/IconServices.framework/Versions/A/IconServices
0x00007ff81ce0b000 	/System/Library/Frameworks/IOSurface.framework/Versions/A/IOSurface
0x00007ff81ae59000 	/usr/lib/libDiagnosticMessagesClient.dylib
0x00007ff828f8e000 	/System/Library/Frameworks/ApplicationServices.framework/Versions/A/ApplicationServices
0x00007ff81d4bb000 	/System/Library/PrivateFrameworks/DFRFoundation.framework/Versions/A/DFRFoundation
0x00007ff81682a000 	/usr/lib/libicucore.A.dylib
0x00007ff821e78000 	/System/Library/Frameworks/AudioToolbox.framework/Versions/A/AudioToolbox
0x00007ff82108e000 	/System/Library/PrivateFrameworks/DataDetectorsCore.framework/Versions/A/DataDetectorsCore
0x00007ff91d58c000 	/System/Library/PrivateFrameworks/TextInput.framework/Versions/A/TextInput
0x00007ff8193d0000 	/usr/lib/libMobileGestalt.dylib
0x00007ff81d1c7000 	/System/Library/Frameworks/Carbon.framework/Versions/A/Frameworks/HIToolbox.framework/Versions/A/HIToolbox
0x00007ff81b5f6000 	/System/Library/Frameworks/QuartzCore.framework/Versions/A/QuartzCore
0x00007ff8164cf000 	/System/Library/Frameworks/Security.framework/Versions/A/Security
0x00007ff825224000 	/System/Library/Frameworks/Carbon.framework/Versions/A/Frameworks/SpeechRecognition.framework/Versions/A/SpeechRecognition
0x00007ff81b953000 	/System/Library/PrivateFrameworks/CoreUI.framework/Versions/A/CoreUI
0x00007ff815d99000 	/System/Library/Frameworks/CoreAudio.framework/Versions/A/CoreAudio
0x00007ff81af48000 	/System/Library/Frameworks/DiskArbitration.framework/Versions/A/DiskArbitration
0x00007ff820850000 	/System/Library/PrivateFrameworks/MultitouchSupport.framework/Versions/A/MultitouchSupport
0x00007ff8193cf000 	/usr/lib/libenergytrace.dylib
0x00007ff816e2e000 	/System/Library/Frameworks/IOKit.framework/Versions/A/IOKit
0x00007ff825614000 	/System/Library/Frameworks/CoreServices.framework/Versions/A/CoreServices
0x00007ff81bb8d000 	/System/Library/PrivateFrameworks/PerformanceAnalysis.framework/Versions/A/PerformanceAnalysis
0x00007ffa2d26e000 	/System/Library/Frameworks/OpenGL.framework/Versions/A/OpenGL
0x00007ff81e7b7000 	/System/Library/PrivateFrameworks/MobileKeyBag.framework/Versions/A/MobileKeyBag
0x00007ff819eb8000 	/System/Library/Frameworks/ColorSync.framework/Versions/A/ColorSync
0x00007ff8144c9000 	/System/Library/Frameworks/CoreFoundation.framework/Versions/A/CoreFoundation
0x00007ff81d74b000 	/System/Library/Frameworks/CoreImage.framework/Versions/A/CoreImage
0x00007ff815bad000 	/System/Library/Frameworks/CoreText.framework/Versions/A/CoreText
0x00007ff81d504000 	/System/Library/Frameworks/ImageIO.framework/Versions/A/ImageIO
0x00007ff81f281000 	/System/Library/PrivateFrameworks/SoftLinking.framework/Versions/A/SoftLinking
0x00007ff81bc3e000 	/usr/lib/libxml2.2.dylib
0x00007ff81f505000 	/usr/lib/libcompression.dylib
0x00007ff820fb5000 	/System/Library/PrivateFrameworks/TextureIO.framework/Versions/A/TextureIO
0x00007ff81fbf3000 	/usr/lib/libate.dylib
0x00007ff81f9cf000 	/usr/lib/liblzma.5.dylib
0x00007ff815057000 	/System/Library/Frameworks/SystemConfiguration.framework/Versions/A/SystemConfiguration
0x00007ff81f27d000 	/usr/lib/libfakelink.dylib
0x00007ff818f28000 	/System/Library/Frameworks/CFNetwork.framework/Versions/A/CFNetwork
0x00007ff81f3be000 	/usr/lib/libarchive.2.dylib
0x00007ff81db51000 	/System/Library/PrivateFrameworks/AppleSystemInfo.framework/Versions/A/AppleSystemInfo
0x00007ff81e8b8000 	/usr/lib/libbsm.0.dylib
0x00007ff818537000 	/usr/lib/libnetwork.dylib
0x00007ff81f216000 	/usr/lib/system/libkxld.dylib
0x00007ff81e4eb000 	/System/Library/PrivateFrameworks/IOMobileFramebuffer.framework/Versions/A/IOMobileFramebuffer
0x00007ffb2cc38000 	/usr/lib/libCoreEntitlements.dylib
0x00007ff81ef2a000 	/System/Library/PrivateFrameworks/AppleFSCompression.framework/Versions/A/AppleFSCompression
0x00007ff81e8a0000 	/usr/lib/libcoretls.dylib
0x00007ff81f9e9000 	/usr/lib/libcoretls_cfhelpers.dylib
0x00007ff81f500000 	/usr/lib/libpam.2.dylib
0x00007ff81a88a000 	/usr/lib/libsqlite3.dylib
0x00007ff81fa58000 	/usr/lib/libxar.1.dylib
0x00007ff81ef3a000 	/usr/lib/libbz2.1.0.dylib
0x00007ff81f282000 	/usr/lib/libpcap.A.dylib
0x00007ff81ac63000 	/usr/lib/libdns_services.dylib
0x00007ff81f4d0000 	/usr/lib/libapple_nghttp2.dylib
0x00007ff81f2bc000 	/usr/lib/libiconv.2.dylib
0x00007ff81f20f000 	/usr/lib/libcharset.1.dylib
0x00007ff81bbc1000 	/System/Library/Frameworks/CoreServices.framework/Versions/A/Frameworks/FSEvents.framework/Versions/A/FSEvents
0x00007ff816ac8000 	/System/Library/Frameworks/CoreServices.framework/Versions/A/Frameworks/CarbonCore.framework/Versions/A/CarbonCore
0x00007ff81aeac000 	/System/Library/Frameworks/CoreServices.framework/Versions/A/Frameworks/Metadata.framework/Versions/A/Metadata
0x00007ff81ef4d000 	/System/Library/Frameworks/CoreServices.framework/Versions/A/Frameworks/OSServices.framework/Versions/A/OSServices
0x00007ff81f445000 	/System/Library/Frameworks/CoreServices.framework/Versions/A/Frameworks/SearchKit.framework/Versions/A/SearchKit
0x00007ff81abf5000 	/System/Library/Frameworks/CoreServices.framework/Versions/A/Frameworks/AE.framework/Versions/A/AE
0x00007ff8149cc000 	/System/Library/Frameworks/CoreServices.framework/Versions/A/Frameworks/LaunchServices.framework/Versions/A/LaunchServices
0x00007ff81f980000 	/System/Library/Frameworks/CoreServices.framework/Versions/A/Frameworks/DictionaryServices.framework/Versions/A/DictionaryServices
0x00007ff81bbce000 	/System/Library/Frameworks/CoreServices.framework/Versions/A/Frameworks/SharedFileList.framework/Versions/A/SharedFileList
0x00007ff81e894000 	/usr/lib/libCheckFix.dylib
0x00007ff819434000 	/System/Library/PrivateFrameworks/TCC.framework/Versions/A/TCC
0x00007ff81db57000 	/System/Library/PrivateFrameworks/CoreNLP.framework/Versions/A/CoreNLP
0x00007ff81ae5c000 	/System/Library/PrivateFrameworks/MetadataUtilities.framework/Versions/A/MetadataUtilities
0x00007ff815108000 	/usr/lib/libmecabra.dylib
0x00007ff81e8c8000 	/usr/lib/libmecab.dylib
0x00007ff8150d3000 	/usr/lib/libCRFSuite.dylib
0x00007ff81e922000 	/usr/lib/libgermantok.dylib
0x00007ff81f4ab000 	/usr/lib/libThaiTokenizer.dylib
0x00007ff81af4f000 	/System/Library/Frameworks/Accelerate.framework/Versions/A/Frameworks/vImage.framework/Versions/A/vImage
0x00007ff8255eb000 	/System/Library/Frameworks/Accelerate.framework/Versions/A/Frameworks/vecLib.framework/Versions/A/vecLib
0x00007ff81fa99000 	/System/Library/Frameworks/Accelerate.framework/Versions/A/Frameworks/vecLib.framework/Versions/A/libvMisc.dylib
0x00007ff81e316000 	/System/Library/Frameworks/Accelerate.framework/Versions/A/Frameworks/vecLib.framework/Versions/A/libvDSP.dylib
0x00007ff814d47000 	/System/Library/Frameworks/Accelerate.framework/Versions/A/Frameworks/vecLib.framework/Versions/A/libBLAS.dylib
0x00007ff81f5e2000 	/System/Library/Frameworks/Accelerate.framework/Versions/A/Frameworks/vecLib.framework/Versions/A/libLAPACK.dylib
0x00007ff81e925000 	/System/Library/Frameworks/Accelerate.framework/Versions/A/Frameworks/vecLib.framework/Versions/A/libLinearAlgebra.dylib
0x00007ff81f4e8000 	/System/Library/Frameworks/Accelerate.framework/Versions/A/Frameworks/vecLib.framework/Versions/A/libSparseBLAS.dylib
0x00007ff81f5dc000 	/System/Library/Frameworks/Accelerate.framework/Versions/A/Frameworks/vecLib.framework/Versions/A/libQuadrature.dylib
0x00007ff81dc42000 	/System/Library/Frameworks/Accelerate.framework/Versions/A/Frameworks/vecLib.framework/Versions/A/libBNNS.dylib
0x00007ff814fe1000 	/System/Library/Frameworks/Accelerate.framework/Versions/A/Frameworks/vecLib.framework/Versions/A/libSparse.dylib
0x00007ff81dc3b000 	/System/Library/PrivateFrameworks/LinguisticData.framework/Versions/A/LinguisticData
0x00007ff814f97000 	/System/Library/PrivateFrameworks/Lexicon.framework/Versions/A/Lexicon
0x00007ff81fa92000 	/usr/lib/libChineseTokenizer.dylib
0x00007ff815702000 	/System/Library/PrivateFrameworks/LanguageModeling.framework/Versions/A/LanguageModeling
0x00007ff81f4ad000 	/System/Library/PrivateFrameworks/AppleSauce.framework/Versions/A/AppleSauce
0x00007ff81e4d9000 	/System/Library/PrivateFrameworks/CoreEmoji.framework/Versions/A/CoreEmoji
0x00007ff81f3ad000 	/usr/lib/libcmph.dylib
0x00007ff81bba5000 	/System/Library/Frameworks/OpenDirectory.framework/Versions/A/Frameworks/CFOpenDirectory.framework/Versions/A/CFOpenDirectory
0x00007ff81bb99000 	/System/Library/Frameworks/OpenDirectory.framework/Versions/A/OpenDirectory
0x00007ff81f9eb000 	/System/Library/PrivateFrameworks/APFS.framework/Versions/A/APFS
0x00007ff81e7ef000 	/System/Library/Frameworks/SecurityFoundation.framework/Versions/A/SecurityFoundation
0x00007ff81fa66000 	/usr/lib/libutil.dylib
0x00007ff816df2000 	/System/Library/PrivateFrameworks/CoreServicesStore.framework/Versions/A/CoreServicesStore
0x00007ff81fa6a000 	/usr/lib/libxslt.1.dylib
0x00007ff81e87c000 	/System/Library/PrivateFrameworks/BackgroundTaskManagement.framework/Versions/A/BackgroundTaskManagement
0x00007ff820ed5000 	/System/Library/Frameworks/ImageIO.framework/Versions/A/Resources/libRadiance.dylib
0x00007ff820ede000 	/System/Library/Frameworks/ImageIO.framework/Versions/A/Resources/libJPEG.dylib
0x00007ff820e2f000 	/System/Library/Frameworks/ImageIO.framework/Versions/A/Resources/libPng.dylib
0x00007ff820e50000 	/System/Library/Frameworks/ImageIO.framework/Versions/A/Resources/libTIFF.dylib
0x00007ff820f3e000 	/System/Library/Frameworks/ImageIO.framework/Versions/A/Resources/libGIF.dylib
0x00007ff82076a000 	/System/Library/Frameworks/ImageIO.framework/Versions/A/Resources/libJP2.dylib
0x00007ff81fea8000 	/usr/lib/libexpat.1.dylib
0x00007ff82071f000 	/System/Library/PrivateFrameworks/AppleJPEG.framework/Versions/A/AppleJPEG
0x00007ff81d08b000 	/System/Library/PrivateFrameworks/FontServices.framework/libFontParser.dylib
0x00007ff81ab9f000 	/System/Library/PrivateFrameworks/RunningBoardServices.framework/Versions/A/RunningBoardServices
0x00007ff82b8a5000 	/System/Library/PrivateFrameworks/IOSurfaceAccelerator.framework/Versions/A/IOSurfaceAccelerator
0x00007ff82084c000 	/System/Library/PrivateFrameworks/WatchdogClient.framework/Versions/A/WatchdogClient
0x00007ff8157f0000 	/System/Library/Frameworks/CoreDisplay.framework/Versions/A/CoreDisplay
0x00007ff81cf89000 	/System/Library/Frameworks/CoreMedia.framework/Versions/A/CoreMedia
0x00007ff81ce1d000 	/System/Library/PrivateFrameworks/IOAccelerator.framework/Versions/A/IOAccelerator
0x00007ff81bd22000 	/System/Library/Frameworks/CoreVideo.framework/Versions/A/CoreVideo
0x00007ff81f4fe000 	/System/Library/Frameworks/MetalPerformanceShaders.framework/Versions/A/MetalPerformanceShaders
0x00007ff820889000 	/System/Library/Frameworks/VideoToolbox.framework/Versions/A/VideoToolbox
0x00007ff81aae9000 	/System/Library/PrivateFrameworks/BaseBoard.framework/Versions/A/BaseBoard
0x00007ff81a870000 	/System/Library/PrivateFrameworks/ProtocolBuffer.framework/Versions/A/ProtocolBuffer
0x00007ff820ece000 	/System/Library/PrivateFrameworks/GPUWrangler.framework/Versions/A/GPUWrangler
0x00007ff820eb2000 	/System/Library/PrivateFrameworks/IOPresentment.framework/Versions/A/IOPresentment
0x00007ff820ed8000 	/System/Library/PrivateFrameworks/DSExternalDisplay.framework/Versions/A/DSExternalDisplay
0x00007ffa2d262000 	/System/Library/Frameworks/OpenGL.framework/Versions/A/Libraries/libCoreFSCache.dylib
0x00007ffb1a339000 	/System/Library/PrivateFrameworks/GPUCompiler.framework/Versions/31001/Libraries/libGPUCompilerUtils.dylib
0x00007ff820f43000 	/System/Library/PrivateFrameworks/CMCaptureCore.framework/Versions/A/CMCaptureCore
0x00007ff820450000 	/System/Library/PrivateFrameworks/AppServerSupport.framework/Versions/A/AppServerSupport
0x00007ff822711000 	/System/Library/PrivateFrameworks/perfdata.framework/Versions/A/perfdata
0x00007ff81591c000 	/System/Library/PrivateFrameworks/AudioToolboxCore.framework/Versions/A/AudioToolboxCore
0x00007ff81cf67000 	/System/Library/PrivateFrameworks/caulk.framework/Versions/A/caulk
0x00007ff822023000 	/usr/lib/libAudioStatistics.dylib
0x00007ff919d1a000 	/System/Library/PrivateFrameworks/SystemPolicy.framework/Versions/A/SystemPolicy
0x00007ff82227e000 	/usr/lib/libSMC.dylib
0x00007ff82b19d000 	/System/Library/Frameworks/CoreMIDI.framework/Versions/A/CoreMIDI
0x00007ff820dfe000 	/usr/lib/libAudioToolboxUtility.dylib
0x00007ff915f46000 	/System/Library/PrivateFrameworks/OSAServicesClient.framework/Versions/A/OSAServicesClient
0x00007ff82271e000 	/usr/lib/libperfcheck.dylib
0x00007ff91a7c7000 	/usr/lib/libmis.dylib
0x00007ffa2d2bd000 	/System/Library/Frameworks/OpenGL.framework/Versions/A/Libraries/libGLU.dylib
0x00007ffa2d281000 	/System/Library/Frameworks/OpenGL.framework/Versions/A/Libraries/libGFXShared.dylib
0x00007ffa2d48a000 	/System/Library/Frameworks/OpenGL.framework/Versions/A/Libraries/libGL.dylib
0x00007ffa2d28a000 	/System/Library/Frameworks/OpenGL.framework/Versions/A/Libraries/libGLImage.dylib
0x00007ffa2d27e000 	/System/Library/Frameworks/OpenGL.framework/Versions/A/Libraries/libCVMSPluginSupport.dylib
0x00007ffa2d269000 	/System/Library/Frameworks/OpenGL.framework/Versions/A/Libraries/libCoreVMClient.dylib
0x00007ff81dad3000 	/System/Library/Frameworks/MetalPerformanceShaders.framework/Versions/A/Frameworks/MPSCore.framework/Versions/A/MPSCore
0x00007ff81ee95000 	/System/Library/Frameworks/MetalPerformanceShaders.framework/Versions/A/Frameworks/MPSImage.framework/Versions/A/MPSImage
0x00007ff81e93b000 	/System/Library/Frameworks/MetalPerformanceShaders.framework/Versions/A/Frameworks/MPSNeuralNetwork.framework/Versions/A/MPSNeuralNetwork
0x00007ff81edaf000 	/System/Library/Frameworks/MetalPerformanceShaders.framework/Versions/A/Frameworks/MPSMatrix.framework/Versions/A/MPSMatrix
0x00007ff81eb6a000 	/System/Library/Frameworks/MetalPerformanceShaders.framework/Versions/A/Frameworks/MPSRayIntersector.framework/Versions/A/MPSRayIntersector
0x00007ff81ede7000 	/System/Library/Frameworks/MetalPerformanceShaders.framework/Versions/A/Frameworks/MPSNDArray.framework/Versions/A/MPSNDArray
0x00007ffa32d42000 	/System/Library/Frameworks/MetalPerformanceShaders.framework/Versions/A/Frameworks/MPSFunctions.framework/Versions/A/MPSFunctions
0x00007ff814c23000 	/System/Library/PrivateFrameworks/MetalTools.framework/Versions/A/MetalTools
0x00007ff81db4f000 	/System/Library/PrivateFrameworks/AggregateDictionary.framework/Versions/A/AggregateDictionary
0x00007ff81fc8a000 	/usr/lib/libIOReport.dylib
0x00007ffa2e899000 	/System/Library/Frameworks/OpenCL.framework/Versions/A/OpenCL
0x00007ff81ffee000 	/System/Library/PrivateFrameworks/FaceCore.framework/Versions/A/FaceCore
0x00007ff81ffdf000 	/System/Library/PrivateFrameworks/GraphVisualizer.framework/Versions/A/GraphVisualizer
0x00007ffb1a244000 	/System/Library/PrivateFrameworks/FontServices.framework/Versions/A/FontServices
0x00007ff820408000 	/System/Library/PrivateFrameworks/OTSVG.framework/Versions/A/OTSVG
0x00007ff81b909000 	/System/Library/Frameworks/ApplicationServices.framework/Versions/A/Frameworks/ATS.framework/Versions/A/Resources/libFontRegistry.dylib
0x00007ff820458000 	/System/Library/PrivateFrameworks/FontServices.framework/libhvf.dylib
0x00007ffb1a245000 	/System/Library/PrivateFrameworks/FontServices.framework/libXTFontStaticRegistryData.dylib
0x00007ff81fe58000 	/System/Library/PrivateFrameworks/AppleVA.framework/Versions/A/AppleVA
0x00007ff822043000 	/System/Library/Frameworks/ApplicationServices.framework/Versions/A/Frameworks/ATS.framework/Versions/A/ATS
0x00007ff819fb6000 	/System/Library/Frameworks/ApplicationServices.framework/Versions/A/Frameworks/HIServices.framework/Versions/A/HIServices
0x00007ff820f4d000 	/System/Library/Frameworks/ApplicationServices.framework/Versions/A/Frameworks/PrintCore.framework/Versions/A/PrintCore
0x00007ff8223d1000 	/System/Library/Frameworks/ApplicationServices.framework/Versions/A/Frameworks/QD.framework/Versions/A/QD
0x00007ff8223c9000 	/System/Library/Frameworks/ApplicationServices.framework/Versions/A/Frameworks/ColorSyncLegacy.framework/Versions/A/ColorSyncLegacy
0x00007ff822033000 	/System/Library/Frameworks/ApplicationServices.framework/Versions/A/Frameworks/SpeechSynthesis.framework/Versions/A/SpeechSynthesis
0x00007ff820f0e000 	/System/Library/Frameworks/ApplicationServices.framework/Versions/A/Frameworks/ATSUI.framework/Versions/A/ATSUI
0x00007ff82235e000 	/usr/lib/libcups.2.dylib
0x00007ff82272d000 	/System/Library/Frameworks/Kerberos.framework/Versions/A/Kerberos
0x00007ff82273c000 	/System/Library/Frameworks/GSS.framework/Versions/A/GSS
0x00007ff8220af000 	/usr/lib/libresolv.9.dylib
0x00007ff820467000 	/System/Library/PrivateFrameworks/Heimdal.framework/Versions/A/Heimdal
0x00007ff829320000 	/System/Library/Frameworks/Kerberos.framework/Versions/A/Libraries/libHeimdalProxy.dylib
0x00007ff81ac73000 	/System/Library/Frameworks/Network.framework/Versions/A/Network
0x00007ff81fec2000 	/usr/lib/libheimdal-asn1.dylib
0x00007ff822787000 	/System/Library/PrivateFrameworks/CommonAuth.framework/Versions/A/CommonAuth
0x00007ff821fb5000 	/System/Library/PrivateFrameworks/AudioSession.framework/Versions/A/AudioSession
0x00007ff81ff52000 	/System/Library/PrivateFrameworks/MediaExperience.framework/Versions/A/MediaExperience
0x00007ff821e47000 	/System/Library/PrivateFrameworks/AudioSession.framework/libSessionUtility.dylib
0x00007ff8223dd000 	/System/Library/PrivateFrameworks/AudioResourceArbitration.framework/Versions/A/AudioResourceArbitration
0x00007ff82645e000 	/System/Library/PrivateFrameworks/PowerLog.framework/Versions/A/PowerLog
0x00007ff81fecb000 	/System/Library/PrivateFrameworks/IconFoundation.framework/Versions/A/IconFoundation
0x00007ff825214000 	/System/Library/PrivateFrameworks/SpeechRecognitionCore.framework/Versions/A/SpeechRecognitionCore
0x00000001031fa000 	/Users/aleoliv/.asdf/installs/java/graalvm-22.3.0+java17/lib/server/libjvm.dylib
0x0000000102214000 	/Users/aleoliv/.asdf/installs/java/graalvm-22.3.0+java17/lib/libjimage.dylib
0x0000000102237000 	/Users/aleoliv/.asdf/installs/java/graalvm-22.3.0+java17/lib/libinstrument.dylib
0x0000000102279000 	/Users/aleoliv/.asdf/installs/java/graalvm-22.3.0+java17/lib/libjava.dylib
0x0000000103102000 	/Users/aleoliv/.asdf/installs/java/graalvm-22.3.0+java17/lib/libzip.dylib
0x0000000103116000 	/Users/aleoliv/.asdf/installs/java/graalvm-22.3.0+java17/lib/libnio.dylib
0x0000000103132000 	/Users/aleoliv/.asdf/installs/java/graalvm-22.3.0+java17/lib/libnet.dylib
0x0000000128374000 	/Users/aleoliv/.asdf/installs/java/graalvm-22.3.0+java17/lib/libjvmcicompiler.dylib
0x0000000102264000 	/Users/aleoliv/.asdf/installs/java/graalvm-22.3.0+java17/lib/libextnet.dylib
0x0000000103168000 	/Users/aleoliv/.asdf/installs/java/graalvm-22.3.0+java17/lib/libverify.dylib


VM Arguments:
jvm_args: -XX:ThreadPriorityPolicy=1 -XX:+UnlockExperimentalVMOptions -XX:+EnableJVMCIProduct -XX:JVMCIThreadsPerNativeLibraryRuntime=1 -XX:-UnlockExperimentalVMOptions -ea -Didea.test.cyclic.buffer.size=1048576 -javaagent:/Applications/IntelliJ IDEA CE.app/Contents/lib/idea_rt.jar=49535:/Applications/IntelliJ IDEA CE.app/Contents/bin -Dfile.encoding=UTF-8 
java_command: com.intellij.rt.junit.JUnitStarter -ideVersion5 -junit5 dev.alexandreoliveira.mp.registrationservice.architecture.ControllerArchitectureTest
java_class_path (initial): /Users/aleoliv/.m2/repository/org/junit/platform/junit-platform-launcher/1.8.2/junit-platform-launcher-1.8.2.jar:/Users/aleoliv/.m2/repository/org/junit/platform/junit-platform-engine/1.8.2/junit-platform-engine-1.8.2.jar:/Users/aleoliv/.m2/repository/org/opentest4j/opentest4j/1.2.0/opentest4j-1.2.0.jar:/Users/aleoliv/.m2/repository/org/junit/platform/junit-platform-commons/1.8.2/junit-platform-commons-1.8.2.jar:/Users/aleoliv/.m2/repository/org/apiguardian/apiguardian-api/1.1.2/apiguardian-api-1.1.2.jar:/Applications/IntelliJ IDEA CE.app/Contents/lib/idea_rt.jar:/Applications/IntelliJ IDEA CE.app/Contents/plugins/junit/lib/junit5-rt.jar:/Applications/IntelliJ IDEA CE.app/Contents/plugins/junit/lib/junit-rt.jar:/Users/aleoliv/developer/github/java/microservices-pattern/registration-service/target/test-classes:/Users/aleoliv/developer/github/java/microservices-pattern/registration-service/target/classes:/Users/aleoliv/developer/repositories/libs/org/springframework/boot/spring-boot-starter-web/2.7.5/spring-boot-starter-web-2.7.5.jar:/Users/aleoliv/developer/repositories/libs/org/springframework/boot/spring-boot-starter/2.7.5/spring-boot-starter-2.7.5.jar:/Users/aleoliv/developer/repositories/libs/org/springframework/boot/spring-boot/2.7.5/spring-boot-2.7.5.jar:/Users/aleoliv/developer/repositories/libs/org/springframework/boot/spring-boot-autoconfigure/2.7.5/spring-boot-autoconfigure-2.7.5.jar:/Users/aleoliv/developer/repositories/libs/org/springframework/boot/spring-boot-starter-logging/2.7.5/spring-boot-starter-logging-2.7.5.jar:/Users/aleoliv/developer/repositories/libs/ch/qos/logback/logback-classic/1.2.11/logback-classic-1.2.11.jar:/Users/aleoliv/developer/repositories/libs/ch/qos/logback/logback-core/1.2.11/logback-core-1.2.11.jar:/Users/aleoliv/developer/repositories/libs/org/apache/logging/log4j/log4j-to-slf4j/2.17.2/log4j-to-slf4j-2.17.2.jar:/Users/aleoliv/developer/repositories/libs/org/apache/logging/log4j/log4j-api/2.17.2/log4
Launcher Type: SUN_STANDARD

[Global flags]
     intx CICompilerCount                          = 3                                         {product} {ergonomic}
     uint ConcGCThreads                            = 1                                         {product} {ergonomic}
     bool EnableJVMCIProduct                       = true                                {JVMCI product} {jimage}
     uint G1ConcRefinementThreads                  = 4                                         {product} {ergonomic}
   size_t G1HeapRegionSize                         = 1048576                                   {product} {ergonomic}
    uintx GCDrainStackTargetSize                   = 64                                        {product} {ergonomic}
   size_t InitialHeapSize                          = 134217728                                 {product} {ergonomic}
     uint JVMCIThreadsPerNativeLibraryRuntime      = 1                                   {JVMCI product} {jimage}
   size_t MarkStackSize                            = 4194304                                   {product} {ergonomic}
   size_t MaxHeapSize                              = 2147483648                                {product} {ergonomic}
   size_t MaxNewSize                               = 1287651328                                {product} {ergonomic}
   size_t MinHeapDeltaBytes                        = 1048576                                   {product} {ergonomic}
   size_t MinHeapSize                              = 8388608                                   {product} {ergonomic}
    uintx NonNMethodCodeHeapSize                   = 6402904                                {pd product} {ergonomic}
    uintx NonProfiledCodeHeapSize                  = 122627668                              {pd product} {ergonomic}
    uintx ProfiledCodeHeapSize                     = 122627668                              {pd product} {ergonomic}
    uintx ReservedCodeCacheSize                    = 251658240                              {pd product} {ergonomic}
     bool SegmentedCodeCache                       = true                                      {product} {ergonomic}
   size_t SoftMaxHeapSize                          = 2147483648                             {manageable} {ergonomic}
     intx ThreadPriorityPolicy                     = 1                                         {product} {jimage}
     bool UseCompressedClassPointers               = true                           {product lp64_product} {ergonomic}
     bool UseCompressedOops                        = true                           {product lp64_product} {ergonomic}
     bool UseG1GC                                  = true                                      {product} {ergonomic}
     bool UseNUMA                                  = false                                     {product} {ergonomic}
     bool UseNUMAInterleaving                      = false                                     {product} {ergonomic}

Logging:
Log output configuration:
 #0: stdout all=warning uptime,level,tags
 #1: stderr all=off uptime,level,tags

Environment Variables:
PATH=/usr/bin:/bin:/usr/sbin:/sbin
SHELL=/bin/zsh
TMPDIR=/var/folders/06/mw7cwlds6tb48z186m7py2kc0000gn/T/

Signal Handlers:
   SIGSEGV: _ZL13crash_handleriP9__siginfoPv in libjvm.dylib, mask=11100110000111110111111111111111, flags=SA_RESTART|SA_SIGINFO
    SIGBUS: _ZL13crash_handleriP9__siginfoPv in libjvm.dylib, mask=11100110000111110111111111111111, flags=SA_RESTART|SA_SIGINFO
    SIGFPE: _ZL13crash_handleriP9__siginfoPv in libjvm.dylib, mask=11100110000111110111111111111111, flags=SA_RESTART|SA_SIGINFO
   SIGPIPE: IsolateEnterStub_IgnoreSIGPIPEStartupHook_noopSignalHandler_8f19bff2f35b5f630d83b364d6b2339320d4ec70_216e8361c6bc87a8f89f58cc10d3b2fd4415bf87 in libjvmcicompiler.dylib, mask=00000000000000000000000000000000, flags=SA_RESTART
  *** Handler was modified!
  *** Expected: _ZL17javaSignalHandleriP9__siginfoPv in libjvm.dylib, mask=11100110100111111111111111111111, flags=SA_RESTART|SA_SIGINFO
   SIGXFSZ: _ZL17javaSignalHandleriP9__siginfoPv in libjvm.dylib, mask=11100110000111110111111111111111, flags=SA_RESTART|SA_SIGINFO
    SIGILL: _ZL13crash_handleriP9__siginfoPv in libjvm.dylib, mask=11100110000111110111111111111111, flags=SA_RESTART|SA_SIGINFO
   SIGUSR2: _ZL10SR_handleriP9__siginfoP17__darwin_ucontext in libjvm.dylib, mask=00100000000000000000000000000000, flags=SA_RESTART|SA_SIGINFO
    SIGHUP: _ZL11UserHandleriPvS_ in libjvm.dylib, mask=11100110000111110111111111111111, flags=SA_RESTART|SA_SIGINFO
    SIGINT: _ZL11UserHandleriPvS_ in libjvm.dylib, mask=11100110000111110111111111111111, flags=SA_RESTART|SA_SIGINFO
   SIGTERM: _ZL11UserHandleriPvS_ in libjvm.dylib, mask=11100110000111110111111111111111, flags=SA_RESTART|SA_SIGINFO
   SIGQUIT: _ZL11UserHandleriPvS_ in libjvm.dylib, mask=11100110000111110111111111111111, flags=SA_RESTART|SA_SIGINFO
  *** Handler was modified!
  *** Expected: _ZL17javaSignalHandleriP9__siginfoPv in libjvm.dylib, mask=11100110100111111111111111111111, flags=SA_RESTART|SA_SIGINFO
   SIGTRAP: _ZL13crash_handleriP9__siginfoPv in libjvm.dylib, mask=11100110000111110111111111111111, flags=SA_RESTART|SA_SIGINFO


---------------  S Y S T E M  ---------------

OS:
uname: Darwin 21.6.0 Darwin Kernel Version 21.6.0: Sat Jun 18 17:07:25 PDT 2022; root:xnu-8020.140.41~1/RELEASE_X86_64 x86_64
OS uptime: 0 days 1:23 hours
rlimit (soft/hard): STACK 8192k/65532k , CORE 0k/infinity , NPROC 1392/2088 , NOFILE 10240/infinity , AS infinity/infinity , CPU infinity/infinity , DATA infinity/infinity , FSIZE infinity/infinity , MEMLOCK infinity/infinity , RSS infinity/infinity
load average: 2.92 3.45 4.11

CPU: total 4 (initial active 4) (2 cores per cpu, 2 threads per core) family 6 model 61 stepping 4 microcode 0x2f, cx8, cmov, fxsr, ht, mmx, 3dnowpref, sse, sse2, sse3, ssse3, sse4.1, sse4.2, popcnt, lzcnt, tsc, tscinvbit, avx, avx2, aes, erms, clmul, bmi1, bmi2, rtm, adx, fma, vzeroupper, clflush

Memory: 4k page, physical 8388608k(26400k free), swap 2097152k(826368k free)

vm_info: OpenJDK 64-Bit Server VM (17.0.5+8-jvmci-22.3-b08) for bsd-amd64 JRE (17.0.5+8-jvmci-22.3-b08), built on Oct 19 2022 01:49:34 by "graal" with clang Apple LLVM 12.0.0 (clang-1200.0.32.29)

END.
